<?xml version="1.0" encoding="UTF-8"?>
<coverage generated="1762476538601" clover="3.2.0">
  <project timestamp="1762476538601" name="All files">
    <metrics statements="579" coveredstatements="389" conditionals="279" coveredconditionals="160" methods="89" coveredmethods="62" elements="947" coveredelements="611" complexity="0" loc="579" ncloc="579" packages="3" files="8" classes="8"/>
    <package name="services">
      <metrics statements="240" coveredstatements="116" conditionals="108" coveredconditionals="35" methods="18" coveredmethods="12"/>
      <file name="backup.ts" path="C:\Users\jaeyun\Desktop\projects\taskmanager-mobile\src\services\backup.ts">
        <metrics statements="108" coveredstatements="0" conditionals="64" coveredconditionals="0" methods="6" coveredmethods="0"/>
        <line num="57" count="0" type="stmt"/>
        <line num="59" count="0" type="stmt"/>
        <line num="60" count="0" type="stmt"/>
        <line num="67" count="0" type="stmt"/>
        <line num="72" count="0" type="stmt"/>
        <line num="75" count="0" type="stmt"/>
        <line num="78" count="0" type="stmt"/>
        <line num="80" count="0" type="stmt"/>
        <line num="83" count="0" type="stmt"/>
        <line num="85" count="0" type="stmt"/>
        <line num="88" count="0" type="stmt"/>
        <line num="89" count="0" type="stmt"/>
        <line num="98" count="0" type="stmt"/>
        <line num="101" count="0" type="cond" truecount="0" falsecount="4"/>
        <line num="102" count="0" type="stmt"/>
        <line num="106" count="0" type="stmt"/>
        <line num="107" count="0" type="stmt"/>
        <line num="115" count="0" type="stmt"/>
        <line num="116" count="0" type="stmt"/>
        <line num="118" count="0" type="stmt"/>
        <line num="121" count="0" type="cond" truecount="0" falsecount="4"/>
        <line num="122" count="0" type="stmt"/>
        <line num="126" count="0" type="cond" truecount="0" falsecount="2"/>
        <line num="132" count="0" type="stmt"/>
        <line num="133" count="0" type="stmt"/>
        <line num="141" count="0" type="stmt"/>
        <line num="142" count="0" type="stmt"/>
        <line num="202" count="0" type="stmt"/>
        <line num="204" count="0" type="stmt"/>
        <line num="205" count="0" type="stmt"/>
        <line num="208" count="0" type="stmt"/>
        <line num="209" count="0" type="cond" truecount="0" falsecount="2"/>
        <line num="210" count="0" type="stmt"/>
        <line num="217" count="0" type="stmt"/>
        <line num="218" count="0" type="stmt"/>
        <line num="220" count="0" type="stmt"/>
        <line num="226" count="0" type="stmt"/>
        <line num="227" count="0" type="stmt"/>
        <line num="229" count="0" type="stmt"/>
        <line num="230" count="0" type="stmt"/>
        <line num="237" count="0" type="stmt"/>
        <line num="243" count="0" type="stmt"/>
        <line num="245" count="0" type="cond" truecount="0" falsecount="2"/>
        <line num="246" count="0" type="stmt"/>
        <line num="247" count="0" type="stmt"/>
        <line num="248" count="0" type="stmt"/>
        <line num="254" count="0" type="stmt"/>
        <line num="259" count="0" type="stmt"/>
        <line num="260" count="0" type="stmt"/>
        <line num="262" count="0" type="stmt"/>
        <line num="265" count="0" type="cond" truecount="0" falsecount="4"/>
        <line num="266" count="0" type="stmt"/>
        <line num="270" count="0" type="cond" truecount="0" falsecount="2"/>
        <line num="276" count="0" type="stmt"/>
        <line num="277" count="0" type="stmt"/>
        <line num="285" count="0" type="cond" truecount="0" falsecount="2"/>
        <line num="291" count="0" type="stmt"/>
        <line num="292" count="0" type="stmt"/>
        <line num="300" count="0" type="stmt"/>
        <line num="301" count="0" type="stmt"/>
        <line num="371" count="0" type="stmt"/>
        <line num="373" count="0" type="cond" truecount="0" falsecount="4"/>
        <line num="374" count="0" type="stmt"/>
        <line num="375" count="0" type="stmt"/>
        <line num="379" count="0" type="cond" truecount="0" falsecount="4"/>
        <line num="380" count="0" type="stmt"/>
        <line num="383" count="0" type="stmt"/>
        <line num="387" count="0" type="cond" truecount="0" falsecount="2"/>
        <line num="388" count="0" type="stmt"/>
        <line num="391" count="0" type="stmt"/>
        <line num="395" count="0" type="stmt"/>
        <line num="397" count="0" type="cond" truecount="0" falsecount="2"/>
        <line num="398" count="0" type="stmt"/>
        <line num="399" count="0" type="stmt"/>
        <line num="402" count="0" type="stmt"/>
        <line num="407" count="0" type="stmt"/>
        <line num="409" count="0" type="stmt"/>
        <line num="410" count="0" type="stmt"/>
        <line num="440" count="0" type="stmt"/>
        <line num="441" count="0" type="stmt"/>
        <line num="444" count="0" type="stmt"/>
        <line num="445" count="0" type="cond" truecount="0" falsecount="2"/>
        <line num="446" count="0" type="stmt"/>
        <line num="447" count="0" type="stmt"/>
        <line num="451" count="0" type="stmt"/>
        <line num="453" count="0" type="stmt"/>
        <line num="454" count="0" type="stmt"/>
        <line num="457" count="0" type="cond" truecount="0" falsecount="2"/>
        <line num="463" count="0" type="stmt"/>
        <line num="464" count="0" type="stmt"/>
        <line num="472" count="0" type="stmt"/>
        <line num="473" count="0" type="stmt"/>
        <line num="516" count="0" type="stmt"/>
        <line num="517" count="0" type="stmt"/>
        <line num="520" count="0" type="stmt"/>
        <line num="523" count="0" type="stmt"/>
        <line num="524" count="0" type="stmt"/>
        <line num="527" count="0" type="cond" truecount="0" falsecount="2"/>
        <line num="528" count="0" type="stmt"/>
        <line num="535" count="0" type="stmt"/>
        <line num="536" count="0" type="cond" truecount="0" falsecount="2"/>
        <line num="540" count="0" type="stmt"/>
        <line num="548" count="0" type="stmt"/>
        <line num="549" count="0" type="stmt"/>
        <line num="552" count="0" type="cond" truecount="0" falsecount="4"/>
        <line num="553" count="0" type="stmt"/>
        <line num="556" count="0" type="stmt"/>
        <line num="557" count="0" type="stmt"/>
      </file>
      <file name="storage.ts" path="C:\Users\jaeyun\Desktop\projects\taskmanager-mobile\src\services\storage.ts">
        <metrics statements="132" coveredstatements="116" conditionals="44" coveredconditionals="35" methods="12" coveredmethods="12"/>
        <line num="31" count="2" type="stmt"/>
        <line num="36" count="2" type="stmt"/>
        <line num="42" count="2" type="stmt"/>
        <line num="48" count="2" type="stmt"/>
        <line num="53" count="2" type="stmt"/>
        <line num="58" count="2" type="stmt"/>
        <line num="89" count="16" type="stmt"/>
        <line num="91" count="16" type="stmt"/>
        <line num="92" count="16" type="stmt"/>
        <line num="95" count="16" type="stmt"/>
        <line num="98" count="14" type="cond" truecount="2" falsecount="0"/>
        <line num="99" count="6" type="stmt"/>
        <line num="100" count="6" type="stmt"/>
        <line num="101" count="6" type="stmt"/>
        <line num="106" count="8" type="stmt"/>
        <line num="107" count="8" type="stmt"/>
        <line num="109" count="3" type="stmt"/>
        <line num="111" count="3" type="stmt"/>
        <line num="112" count="3" type="stmt"/>
        <line num="113" count="3" type="stmt"/>
        <line num="117" count="5" type="cond" truecount="2" falsecount="0"/>
        <line num="118" count="1" type="stmt"/>
        <line num="119" count="1" type="stmt"/>
        <line num="120" count="1" type="stmt"/>
        <line num="121" count="1" type="stmt"/>
        <line num="125" count="4" type="stmt"/>
        <line num="127" count="4" type="stmt"/>
        <line num="132" count="4" type="stmt"/>
        <line num="133" count="4" type="stmt"/>
        <line num="135" count="2" type="stmt"/>
        <line num="138" count="2" type="stmt"/>
        <line num="143" count="2" type="stmt"/>
        <line num="145" count="2" type="stmt"/>
        <line num="146" count="2" type="stmt"/>
        <line num="179" count="27" type="stmt"/>
        <line num="181" count="27" type="stmt"/>
        <line num="182" count="27" type="stmt"/>
        <line num="188" count="27" type="stmt"/>
        <line num="189" count="27" type="stmt"/>
        <line num="191" count="27" type="stmt"/>
        <line num="198" count="27" type="cond" truecount="1" falsecount="1"/>
        <line num="199" count="0" type="stmt"/>
        <line num="204" count="0" type="stmt"/>
        <line num="205" count="0" type="stmt"/>
        <line num="208" count="0" type="cond" truecount="0" falsecount="2"/>
        <line num="209" count="0" type="stmt"/>
        <line num="213" count="0" type="stmt"/>
        <line num="214" count="0" type="stmt"/>
        <line num="215" count="0" type="stmt"/>
        <line num="218" count="0" type="stmt"/>
        <line num="226" count="0" type="stmt"/>
        <line num="227" count="0" type="stmt"/>
        <line num="228" count="0" type="stmt"/>
        <line num="232" count="27" type="cond" truecount="1" falsecount="1"/>
        <line num="233" count="0" type="stmt"/>
        <line num="237" count="27" type="stmt"/>
        <line num="239" count="25" type="stmt"/>
        <line num="244" count="25" type="stmt"/>
        <line num="246" count="2" type="stmt"/>
        <line num="247" count="2" type="stmt"/>
        <line num="248" count="2" type="stmt"/>
        <line num="269" count="8" type="cond" truecount="2" falsecount="0"/>
        <line num="272" count="8" type="cond" truecount="2" falsecount="0"/>
        <line num="273" count="6" type="stmt"/>
        <line num="274" count="6" type="stmt"/>
        <line num="277" count="2" type="stmt"/>
        <line num="282" count="2" type="stmt"/>
        <line num="285" count="2" type="cond" truecount="1" falsecount="1"/>
        <line num="286" count="2" type="stmt"/>
        <line num="294" count="2" type="stmt"/>
        <line num="298" count="2" type="stmt"/>
        <line num="325" count="4" type="stmt"/>
        <line num="327" count="4" type="stmt"/>
        <line num="328" count="4" type="stmt"/>
        <line num="330" count="4" type="stmt"/>
        <line num="332" count="8" type="cond" truecount="2" falsecount="0"/>
        <line num="333" count="2" type="stmt"/>
        <line num="337" count="30" type="stmt"/>
        <line num="338" count="6" type="stmt"/>
        <line num="341" count="6" type="cond" truecount="2" falsecount="0"/>
        <line num="342" count="3" type="stmt"/>
        <line num="346" count="3" type="stmt"/>
        <line num="347" count="3" type="stmt"/>
        <line num="348" count="3" type="stmt"/>
        <line num="351" count="3" type="cond" truecount="2" falsecount="0"/>
        <line num="352" count="2" type="stmt"/>
        <line num="356" count="1" type="stmt"/>
        <line num="362" count="1" type="stmt"/>
        <line num="365" count="4" type="stmt"/>
        <line num="367" count="4" type="cond" truecount="2" falsecount="0"/>
        <line num="368" count="1" type="stmt"/>
        <line num="374" count="4" type="stmt"/>
        <line num="393" count="23" type="stmt"/>
        <line num="395" count="23" type="stmt"/>
        <line num="414" count="4" type="stmt"/>
        <line num="415" count="4" type="stmt"/>
        <line num="417" count="4" type="stmt"/>
        <line num="419" count="4" type="cond" truecount="2" falsecount="0"/>
        <line num="420" count="2" type="stmt"/>
        <line num="421" count="2" type="stmt"/>
        <line num="424" count="2" type="stmt"/>
        <line num="426" count="1" type="cond" truecount="1" falsecount="1"/>
        <line num="427" count="0" type="stmt"/>
        <line num="428" count="0" type="stmt"/>
        <line num="431" count="1" type="stmt"/>
        <line num="436" count="1" type="stmt"/>
        <line num="438" count="1" type="stmt"/>
        <line num="439" count="1" type="stmt"/>
        <line num="455" count="27" type="stmt"/>
        <line num="458" count="27" type="stmt"/>
        <line num="459" count="30" type="stmt"/>
        <line num="460" count="30" type="cond" truecount="2" falsecount="0"/>
        <line num="461" count="3" type="stmt"/>
        <line num="465" count="30" type="stmt"/>
        <line num="468" count="30" type="stmt"/>
        <line num="473" count="25" type="stmt"/>
        <line num="474" count="25" type="stmt"/>
        <line num="476" count="5" type="stmt"/>
        <line num="477" count="5" type="stmt"/>
        <line num="480" count="5" type="cond" truecount="2" falsecount="0"/>
        <line num="481" count="2" type="stmt"/>
        <line num="486" count="2" type="stmt"/>
        <line num="487" count="2" type="stmt"/>
        <line num="491" count="3" type="stmt"/>
        <line num="496" count="0" type="stmt"/>
        <line num="515" count="2" type="stmt"/>
        <line num="517" count="2" type="stmt"/>
        <line num="520" count="2" type="cond" truecount="2" falsecount="0"/>
        <line num="523" count="2" type="stmt"/>
        <line num="524" count="1" type="stmt"/>
        <line num="536" count="2" type="stmt"/>
        <line num="549" count="2" type="stmt"/>
      </file>
    </package>
    <package name="store">
      <metrics statements="213" coveredstatements="162" conditionals="56" coveredconditionals="34" methods="45" coveredmethods="27"/>
      <file name="taskStore.ts" path="C:\Users\jaeyun\Desktop\projects\taskmanager-mobile\src\store\taskStore.ts">
        <metrics statements="213" coveredstatements="162" conditionals="56" coveredconditionals="34" methods="45" coveredmethods="27"/>
        <line num="65" count="1" type="stmt"/>
        <line num="66" count="1" type="stmt"/>
        <line num="72" count="1" type="stmt"/>
        <line num="74" count="19" type="cond" truecount="1" falsecount="1"/>
        <line num="75" count="0" type="stmt"/>
        <line num="76" count="0" type="stmt"/>
        <line num="79" count="19" type="stmt"/>
        <line num="80" count="19" type="stmt"/>
        <line num="82" count="19" type="stmt"/>
        <line num="87" count="19" type="stmt"/>
        <line num="88" count="19" type="stmt"/>
        <line num="90" count="0" type="stmt"/>
        <line num="93" count="0" type="cond" truecount="0" falsecount="2"/>
        <line num="95" count="0" type="stmt"/>
        <line num="107" count="1" type="stmt"/>
        <line num="113" count="1" type="stmt"/>
        <line num="115" count="1" type="stmt"/>
        <line num="121" count="0" type="stmt"/>
        <line num="122" count="0" type="stmt"/>
        <line num="125" count="0" type="stmt"/>
        <line num="126" count="0" type="stmt"/>
        <line num="128" count="0" type="stmt"/>
        <line num="133" count="1" type="stmt"/>
        <line num="146" count="4" type="stmt"/>
        <line num="148" count="4" type="stmt"/>
        <line num="149" count="4" type="stmt"/>
        <line num="150" count="4" type="stmt"/>
        <line num="153" count="4" type="stmt"/>
        <line num="154" count="4" type="stmt"/>
        <line num="157" count="4" type="stmt"/>
        <line num="164" count="4" type="stmt"/>
        <line num="166" count="0" type="stmt"/>
        <line num="167" count="0" type="stmt"/>
        <line num="169" count="4" type="stmt"/>
        <line num="170" count="4" type="stmt"/>
        <line num="175" count="4" type="stmt"/>
        <line num="187" count="7" type="stmt"/>
        <line num="188" count="7" type="stmt"/>
        <line num="191" count="7" type="stmt"/>
        <line num="192" count="7" type="cond" truecount="2" falsecount="0"/>
        <line num="193" count="2" type="stmt"/>
        <line num="194" count="2" type="stmt"/>
        <line num="200" count="5" type="stmt"/>
        <line num="203" count="5" type="stmt"/>
        <line num="204" count="5" type="cond" truecount="2" falsecount="0"/>
        <line num="205" count="1" type="stmt"/>
        <line num="206" count="1" type="stmt"/>
        <line num="213" count="4" type="stmt"/>
        <line num="214" count="4" type="stmt"/>
        <line num="224" count="4" type="stmt"/>
        <line num="225" count="4" type="stmt"/>
        <line num="228" count="4" type="stmt"/>
        <line num="230" count="4" type="stmt"/>
        <line num="231" count="4" type="stmt"/>
        <line num="233" count="0" type="stmt"/>
        <line num="234" count="0" type="stmt"/>
        <line num="245" count="3" type="stmt"/>
        <line num="246" count="3" type="stmt"/>
        <line num="249" count="3" type="stmt"/>
        <line num="250" count="3" type="cond" truecount="2" falsecount="0"/>
        <line num="251" count="1" type="stmt"/>
        <line num="252" count="1" type="stmt"/>
        <line num="258" count="2" type="stmt"/>
        <line num="259" count="2" type="stmt"/>
        <line num="262" count="2" type="stmt"/>
        <line num="263" count="2" type="cond" truecount="1" falsecount="1"/>
        <line num="264" count="2" type="stmt"/>
        <line num="270" count="0" type="stmt"/>
        <line num="273" count="2" type="stmt"/>
        <line num="276" count="2" type="stmt"/>
        <line num="278" count="2" type="stmt"/>
        <line num="279" count="2" type="stmt"/>
        <line num="281" count="0" type="stmt"/>
        <line num="282" count="0" type="stmt"/>
        <line num="293" count="3" type="stmt"/>
        <line num="294" count="3" type="stmt"/>
        <line num="296" count="3" type="stmt"/>
        <line num="299" count="3" type="stmt"/>
        <line num="300" count="3" type="cond" truecount="2" falsecount="0"/>
        <line num="301" count="1" type="stmt"/>
        <line num="302" count="1" type="stmt"/>
        <line num="306" count="2" type="stmt"/>
        <line num="309" count="2" type="stmt"/>
        <line num="315" count="2" type="stmt"/>
        <line num="321" count="2" type="stmt"/>
        <line num="324" count="2" type="stmt"/>
        <line num="325" count="0" type="stmt"/>
        <line num="327" count="0" type="stmt"/>
        <line num="328" count="0" type="stmt"/>
        <line num="329" count="0" type="stmt"/>
        <line num="331" count="0" type="stmt"/>
        <line num="334" count="2" type="stmt"/>
        <line num="336" count="2" type="stmt"/>
        <line num="341" count="0" type="stmt"/>
        <line num="349" count="3" type="stmt"/>
        <line num="350" count="3" type="stmt"/>
        <line num="352" count="3" type="stmt"/>
        <line num="355" count="3" type="stmt"/>
        <line num="356" count="3" type="cond" truecount="2" falsecount="0"/>
        <line num="357" count="1" type="stmt"/>
        <line num="358" count="1" type="stmt"/>
        <line num="362" count="2" type="stmt"/>
        <line num="363" count="2" type="cond" truecount="2" falsecount="0"/>
        <line num="364" count="1" type="stmt"/>
        <line num="365" count="1" type="stmt"/>
        <line num="369" count="2" type="stmt"/>
        <line num="372" count="2" type="stmt"/>
        <line num="374" count="2" type="stmt"/>
        <line num="380" count="2" type="stmt"/>
        <line num="382" count="2" type="stmt"/>
        <line num="384" count="0" type="stmt"/>
        <line num="392" count="2" type="stmt"/>
        <line num="393" count="2" type="stmt"/>
        <line num="404" count="5" type="stmt"/>
        <line num="405" count="5" type="stmt"/>
        <line num="408" count="5" type="stmt"/>
        <line num="409" count="5" type="cond" truecount="2" falsecount="0"/>
        <line num="410" count="1" type="stmt"/>
        <line num="411" count="1" type="stmt"/>
        <line num="417" count="4" type="stmt"/>
        <line num="420" count="4" type="stmt"/>
        <line num="421" count="4" type="cond" truecount="2" falsecount="0"/>
        <line num="422" count="1" type="stmt"/>
        <line num="423" count="1" type="stmt"/>
        <line num="430" count="3" type="stmt"/>
        <line num="431" count="3" type="cond" truecount="2" falsecount="0"/>
        <line num="432" count="1" type="stmt"/>
        <line num="433" count="1" type="stmt"/>
        <line num="440" count="2" type="stmt"/>
        <line num="447" count="2" type="stmt"/>
        <line num="448" count="2" type="cond" truecount="1" falsecount="1"/>
        <line num="449" count="2" type="stmt"/>
        <line num="455" count="0" type="stmt"/>
        <line num="458" count="2" type="stmt"/>
        <line num="461" count="2" type="stmt"/>
        <line num="463" count="2" type="stmt"/>
        <line num="464" count="2" type="stmt"/>
        <line num="466" count="0" type="stmt"/>
        <line num="467" count="0" type="stmt"/>
        <line num="478" count="4" type="stmt"/>
        <line num="479" count="4" type="stmt"/>
        <line num="481" count="4" type="stmt"/>
        <line num="484" count="4" type="stmt"/>
        <line num="485" count="4" type="cond" truecount="1" falsecount="1"/>
        <line num="486" count="4" type="stmt"/>
        <line num="487" count="4" type="cond" truecount="1" falsecount="1"/>
        <line num="488" count="4" type="stmt"/>
        <line num="490" count="0" type="stmt"/>
        <line num="493" count="4" type="stmt"/>
        <line num="499" count="0" type="stmt"/>
        <line num="502" count="4" type="stmt"/>
        <line num="505" count="4" type="stmt"/>
        <line num="508" count="4" type="stmt"/>
        <line num="509" count="0" type="stmt"/>
        <line num="512" count="4" type="stmt"/>
        <line num="514" count="0" type="stmt"/>
        <line num="522" count="2" type="stmt"/>
        <line num="523" count="2" type="stmt"/>
        <line num="526" count="2" type="stmt"/>
        <line num="527" count="2" type="cond" truecount="2" falsecount="0"/>
        <line num="528" count="1" type="stmt"/>
        <line num="529" count="1" type="stmt"/>
        <line num="535" count="1" type="stmt"/>
        <line num="536" count="1" type="stmt"/>
        <line num="539" count="1" type="stmt"/>
        <line num="540" count="1" type="cond" truecount="1" falsecount="1"/>
        <line num="541" count="1" type="stmt"/>
        <line num="542" count="1" type="cond" truecount="1" falsecount="1"/>
        <line num="543" count="1" type="stmt"/>
        <line num="545" count="0" type="stmt"/>
        <line num="548" count="1" type="stmt"/>
        <line num="554" count="0" type="stmt"/>
        <line num="557" count="1" type="stmt"/>
        <line num="560" count="1" type="stmt"/>
        <line num="562" count="1" type="stmt"/>
        <line num="563" count="1" type="stmt"/>
        <line num="565" count="0" type="stmt"/>
        <line num="566" count="0" type="stmt"/>
        <line num="577" count="2" type="stmt"/>
        <line num="578" count="2" type="stmt"/>
        <line num="580" count="2" type="stmt"/>
        <line num="583" count="2" type="stmt"/>
        <line num="584" count="2" type="cond" truecount="1" falsecount="1"/>
        <line num="585" count="3" type="stmt"/>
        <line num="587" count="2" type="stmt"/>
        <line num="593" count="0" type="stmt"/>
        <line num="596" count="2" type="stmt"/>
        <line num="599" count="2" type="stmt"/>
        <line num="601" count="2" type="stmt"/>
        <line num="603" count="0" type="stmt"/>
        <line num="616" count="2" type="stmt"/>
        <line num="617" count="2" type="stmt"/>
        <line num="620" count="2" type="stmt"/>
        <line num="622" count="2" type="stmt"/>
        <line num="624" count="2" type="stmt"/>
        <line num="629" count="2" type="stmt"/>
        <line num="630" count="1" type="stmt"/>
        <line num="632" count="1" type="stmt"/>
        <line num="633" count="1" type="stmt"/>
        <line num="648" count="0" type="stmt"/>
        <line num="650" count="0" type="cond" truecount="0" falsecount="4"/>
        <line num="651" count="0" type="stmt"/>
        <line num="653" count="0" type="stmt"/>
        <line num="654" count="0" type="stmt"/>
        <line num="655" count="0" type="stmt"/>
        <line num="669" count="0" type="stmt"/>
        <line num="672" count="0" type="cond" truecount="0" falsecount="2"/>
        <line num="673" count="0" type="stmt"/>
        <line num="674" count="0" type="stmt"/>
        <line num="678" count="0" type="stmt"/>
        <line num="681" count="0" type="stmt"/>
        <line num="682" count="0" type="stmt"/>
        <line num="684" count="0" type="stmt"/>
      </file>
    </package>
    <package name="utils">
      <metrics statements="126" coveredstatements="111" conditionals="115" coveredconditionals="91" methods="26" coveredmethods="23"/>
      <file name="errors.ts" path="C:\Users\jaeyun\Desktop\projects\taskmanager-mobile\src\utils\errors.ts">
        <metrics statements="20" coveredstatements="10" conditionals="21" coveredconditionals="4" methods="5" coveredmethods="2"/>
        <line num="32" count="0" type="stmt"/>
        <line num="58" count="0" type="cond" truecount="0" falsecount="2"/>
        <line num="108" count="4" type="cond" truecount="1" falsecount="1"/>
        <line num="111" count="4" type="stmt"/>
        <line num="137" count="4" type="stmt"/>
        <line num="144" count="4" type="stmt"/>
        <line num="163" count="4" type="cond" truecount="1" falsecount="1"/>
        <line num="164" count="4" type="stmt"/>
        <line num="165" count="4" type="cond" truecount="1" falsecount="1"/>
        <line num="166" count="4" type="stmt"/>
        <line num="168" count="4" type="cond" truecount="1" falsecount="1"/>
        <line num="169" count="4" type="stmt"/>
        <line num="194" count="0" type="stmt"/>
        <line num="230" count="0" type="cond" truecount="0" falsecount="2"/>
        <line num="231" count="0" type="stmt"/>
        <line num="235" count="0" type="cond" truecount="0" falsecount="2"/>
        <line num="236" count="0" type="stmt"/>
        <line num="240" count="0" type="cond" truecount="0" falsecount="2"/>
        <line num="241" count="0" type="stmt"/>
        <line num="245" count="0" type="stmt"/>
      </file>
      <file name="logger.ts" path="C:\Users\jaeyun\Desktop\projects\taskmanager-mobile\src\utils\logger.ts">
        <metrics statements="30" coveredstatements="26" conditionals="16" coveredconditionals="11" methods="7" coveredmethods="7"/>
        <line num="11" count="2" type="stmt"/>
        <line num="47" count="185" type="cond" truecount="1" falsecount="1"/>
        <line num="48" count="0" type="stmt"/>
        <line num="51" count="185" type="stmt"/>
        <line num="52" count="185" type="cond" truecount="2" falsecount="0"/>
        <line num="53" count="133" type="stmt"/>
        <line num="87" count="18" type="cond" truecount="1" falsecount="1"/>
        <line num="88" count="0" type="stmt"/>
        <line num="91" count="18" type="stmt"/>
        <line num="92" count="18" type="cond" truecount="1" falsecount="1"/>
        <line num="93" count="18" type="stmt"/>
        <line num="139" count="47" type="cond" truecount="1" falsecount="1"/>
        <line num="140" count="0" type="stmt"/>
        <line num="143" count="47" type="stmt"/>
        <line num="144" count="47" type="stmt"/>
        <line num="146" count="47" type="cond" truecount="1" falsecount="1"/>
        <line num="147" count="0" type="stmt"/>
        <line num="151" count="47" type="stmt"/>
        <line num="176" count="88" type="stmt"/>
        <line num="177" count="88" type="cond" truecount="2" falsecount="0"/>
        <line num="178" count="54" type="stmt"/>
        <line num="203" count="16" type="stmt"/>
        <line num="204" count="16" type="cond" truecount="2" falsecount="0"/>
        <line num="205" count="13" type="stmt"/>
        <line num="237" count="47" type="stmt"/>
        <line num="239" count="47" type="stmt"/>
        <line num="241" count="47" type="stmt"/>
        <line num="242" count="47" type="stmt"/>
        <line num="243" count="47" type="stmt"/>
        <line num="254" count="2" type="stmt"/>
      </file>
      <file name="progress.ts" path="C:\Users\jaeyun\Desktop\projects\taskmanager-mobile\src\utils\progress.ts">
        <metrics statements="6" coveredstatements="6" conditionals="6" coveredconditionals="5" methods="2" coveredmethods="2"/>
        <line num="69" count="13" type="cond" truecount="4" falsecount="0"/>
        <line num="70" count="2" type="stmt"/>
        <line num="77" count="11" type="stmt"/>
        <line num="78" count="178" type="stmt"/>
        <line num="82" count="11" type="cond" truecount="1" falsecount="1"/>
        <line num="84" count="11" type="stmt"/>
      </file>
      <file name="uuid.ts" path="C:\Users\jaeyun\Desktop\projects\taskmanager-mobile\src\utils\uuid.ts">
        <metrics statements="1" coveredstatements="1" conditionals="0" coveredconditionals="0" methods="1" coveredmethods="1"/>
        <line num="29" count="6" type="stmt"/>
      </file>
      <file name="validation.ts" path="C:\Users\jaeyun\Desktop\projects\taskmanager-mobile\src\utils\validation.ts">
        <metrics statements="69" coveredstatements="68" conditionals="72" coveredconditionals="71" methods="11" coveredmethods="11"/>
        <line num="11" count="3" type="stmt"/>
        <line num="12" count="3" type="stmt"/>
        <line num="13" count="3" type="stmt"/>
        <line num="14" count="3" type="stmt"/>
        <line num="15" count="3" type="stmt"/>
        <line num="43" count="25" type="stmt"/>
        <line num="46" count="25" type="cond" truecount="2" falsecount="0"/>
        <line num="47" count="6" type="stmt"/>
        <line num="54" count="19" type="cond" truecount="2" falsecount="0"/>
        <line num="55" count="2" type="stmt"/>
        <line num="62" count="17" type="stmt"/>
        <line num="93" count="45" type="stmt"/>
        <line num="125" count="12" type="cond" truecount="2" falsecount="0"/>
        <line num="126" count="3" type="stmt"/>
        <line num="134" count="9" type="cond" truecount="2" falsecount="0"/>
        <line num="135" count="1" type="stmt"/>
        <line num="141" count="8" type="stmt"/>
        <line num="170" count="10" type="cond" truecount="2" falsecount="0"/>
        <line num="171" count="3" type="stmt"/>
        <line num="179" count="7" type="cond" truecount="2" falsecount="0"/>
        <line num="180" count="1" type="stmt"/>
        <line num="186" count="6" type="stmt"/>
        <line num="218" count="124" type="cond" truecount="4" falsecount="0"/>
        <line num="219" count="4" type="stmt"/>
        <line num="223" count="120" type="cond" truecount="4" falsecount="0"/>
        <line num="224" count="3" type="stmt"/>
        <line num="227" count="117" type="cond" truecount="4" falsecount="0"/>
        <line num="228" count="2" type="stmt"/>
        <line num="231" count="115" type="cond" truecount="4" falsecount="0"/>
        <line num="232" count="2" type="stmt"/>
        <line num="235" count="113" type="cond" truecount="4" falsecount="0"/>
        <line num="236" count="1" type="stmt"/>
        <line num="240" count="112" type="cond" truecount="2" falsecount="0"/>
        <line num="241" count="1" type="stmt"/>
        <line num="245" count="1015" type="cond" truecount="2" falsecount="0"/>
        <line num="246" count="1" type="stmt"/>
        <line num="250" count="110" type="cond" truecount="4" falsecount="0"/>
        <line num="251" count="1" type="stmt"/>
        <line num="254" count="109" type="stmt"/>
        <line num="279" count="1029" type="cond" truecount="4" falsecount="0"/>
        <line num="280" count="4" type="stmt"/>
        <line num="283" count="1025" type="cond" truecount="4" falsecount="0"/>
        <line num="284" count="3" type="stmt"/>
        <line num="287" count="1022" type="cond" truecount="4" falsecount="0"/>
        <line num="288" count="3" type="stmt"/>
        <line num="291" count="1019" type="cond" truecount="2" falsecount="0"/>
        <line num="292" count="3" type="stmt"/>
        <line num="295" count="1016" type="stmt"/>
        <line num="332" count="17" type="cond" truecount="4" falsecount="0"/>
        <line num="333" count="2" type="stmt"/>
        <line num="337" count="15" type="cond" truecount="4" falsecount="0"/>
        <line num="338" count="5" type="stmt"/>
        <line num="342" count="10" type="cond" truecount="2" falsecount="0"/>
        <line num="343" count="2" type="stmt"/>
        <line num="347" count="107" type="cond" truecount="2" falsecount="0"/>
        <line num="348" count="1" type="stmt"/>
        <line num="351" count="7" type="stmt"/>
        <line num="381" count="33" type="stmt"/>
        <line num="382" count="33" type="stmt"/>
        <line num="385" count="32" type="cond" truecount="1" falsecount="1"/>
        <line num="386" count="32" type="stmt"/>
        <line num="393" count="0" type="stmt"/>
        <line num="396" count="1" type="stmt"/>
        <line num="422" count="33" type="cond" truecount="2" falsecount="0"/>
        <line num="423" count="2" type="stmt"/>
        <line num="431" count="31" type="cond" truecount="2" falsecount="0"/>
        <line num="432" count="1" type="stmt"/>
        <line num="433" count="1" type="stmt"/>
        <line num="439" count="30" type="stmt"/>
      </file>
    </package>
  </project>
</coverage>
