{"C:\\Users\\jaeyun\\Desktop\\projects\\taskmanager-mobile\\src\\services\\backup.ts": {"path":"C:\\Users\\jaeyun\\Desktop\\projects\\taskmanager-mobile\\src\\services\\backup.ts","statementMap":{"0":{"start":{"line":57,"column":16},"end":{"line":57,"column":48}},"1":{"start":{"line":59,"column":2},"end":{"line":147,"column":3}},"2":{"start":{"line":60,"column":4},"end":{"line":63,"column":7}},"3":{"start":{"line":67,"column":22},"end":{"line":71,"column":24}},"4":{"start":{"line":72,"column":21},"end":{"line":72,"column":58}},"5":{"start":{"line":75,"column":24},"end":{"line":75,"column":56}},"6":{"start":{"line":78,"column":21},"end":{"line":78,"column":64}},"7":{"start":{"line":80,"column":4},"end":{"line":80,"column":80}},"8":{"start":{"line":83,"column":4},"end":{"line":83,"column":56}},"9":{"start":{"line":85,"column":4},"end":{"line":85,"column":67}},"10":{"start":{"line":88,"column":4},"end":{"line":113,"column":5}},"11":{"start":{"line":89,"column":6},"end":{"line":96,"column":9}},"12":{"start":{"line":98,"column":6},"end":{"line":98,"column":74}},"13":{"start":{"line":101,"column":6},"end":{"line":112,"column":7}},"14":{"start":{"line":102,"column":8},"end":{"line":102,"column":51}},"15":{"start":{"line":106,"column":8},"end":{"line":106,"column":54}},"16":{"start":{"line":107,"column":8},"end":{"line":111,"column":10}},"17":{"start":{"line":115,"column":4},"end":{"line":115,"column":16}},"18":{"start":{"line":116,"column":4},"end":{"line":116,"column":20}},"19":{"start":{"line":118,"column":4},"end":{"line":118,"column":16}},"20":{"start":{"line":121,"column":4},"end":{"line":123,"column":5}},"21":{"start":{"line":122,"column":6},"end":{"line":122,"column":18}},"22":{"start":{"line":126,"column":4},"end":{"line":138,"column":5}},"23":{"start":{"line":132,"column":6},"end":{"line":132,"column":52}},"24":{"start":{"line":133,"column":6},"end":{"line":137,"column":8}},"25":{"start":{"line":141,"column":4},"end":{"line":141,"column":41}},"26":{"start":{"line":142,"column":4},"end":{"line":146,"column":6}},"27":{"start":{"line":202,"column":16},"end":{"line":202,"column":48}},"28":{"start":{"line":204,"column":2},"end":{"line":306,"column":3}},"29":{"start":{"line":205,"column":4},"end":{"line":205,"column":55}},"30":{"start":{"line":208,"column":23},"end":{"line":208,"column":50}},"31":{"start":{"line":209,"column":4},"end":{"line":214,"column":5}},"32":{"start":{"line":210,"column":6},"end":{"line":213,"column":8}},"33":{"start":{"line":217,"column":4},"end":{"line":217,"column":40}},"34":{"start":{"line":218,"column":24},"end":{"line":218,"column":61}},"35":{"start":{"line":220,"column":4},"end":{"line":222,"column":7}},"36":{"start":{"line":226,"column":4},"end":{"line":235,"column":5}},"37":{"start":{"line":227,"column":6},"end":{"line":227,"column":43}},"38":{"start":{"line":229,"column":6},"end":{"line":229,"column":61}},"39":{"start":{"line":230,"column":6},"end":{"line":234,"column":8}},"40":{"start":{"line":237,"column":4},"end":{"line":240,"column":7}},"41":{"start":{"line":243,"column":20},"end":{"line":243,"column":50}},"42":{"start":{"line":245,"column":4},"end":{"line":252,"column":5}},"43":{"start":{"line":246,"column":6},"end":{"line":246,"column":52}},"44":{"start":{"line":247,"column":6},"end":{"line":247,"column":54}},"45":{"start":{"line":248,"column":6},"end":{"line":251,"column":8}},"46":{"start":{"line":254,"column":4},"end":{"line":257,"column":7}},"47":{"start":{"line":259,"column":4},"end":{"line":259,"column":16}},"48":{"start":{"line":260,"column":4},"end":{"line":260,"column":33}},"49":{"start":{"line":262,"column":4},"end":{"line":262,"column":16}},"50":{"start":{"line":265,"column":4},"end":{"line":267,"column":5}},"51":{"start":{"line":266,"column":6},"end":{"line":266,"column":18}},"52":{"start":{"line":270,"column":4},"end":{"line":282,"column":5}},"53":{"start":{"line":276,"column":6},"end":{"line":276,"column":52}},"54":{"start":{"line":277,"column":6},"end":{"line":281,"column":8}},"55":{"start":{"line":285,"column":4},"end":{"line":297,"column":5}},"56":{"start":{"line":291,"column":6},"end":{"line":291,"column":44}},"57":{"start":{"line":292,"column":6},"end":{"line":296,"column":8}},"58":{"start":{"line":300,"column":4},"end":{"line":300,"column":41}},"59":{"start":{"line":301,"column":4},"end":{"line":305,"column":6}},"60":{"start":{"line":371,"column":2},"end":{"line":411,"column":3}},"61":{"start":{"line":373,"column":4},"end":{"line":376,"column":5}},"62":{"start":{"line":374,"column":6},"end":{"line":374,"column":73}},"63":{"start":{"line":375,"column":6},"end":{"line":375,"column":19}},"64":{"start":{"line":379,"column":4},"end":{"line":384,"column":5}},"65":{"start":{"line":380,"column":6},"end":{"line":382,"column":9}},"66":{"start":{"line":383,"column":6},"end":{"line":383,"column":19}},"67":{"start":{"line":387,"column":4},"end":{"line":392,"column":5}},"68":{"start":{"line":388,"column":6},"end":{"line":390,"column":9}},"69":{"start":{"line":391,"column":6},"end":{"line":391,"column":19}},"70":{"start":{"line":395,"column":20},"end":{"line":395,"column":40}},"71":{"start":{"line":397,"column":4},"end":{"line":400,"column":5}},"72":{"start":{"line":398,"column":6},"end":{"line":398,"column":71}},"73":{"start":{"line":399,"column":6},"end":{"line":399,"column":19}},"74":{"start":{"line":402,"column":4},"end":{"line":405,"column":7}},"75":{"start":{"line":407,"column":4},"end":{"line":407,"column":16}},"76":{"start":{"line":409,"column":4},"end":{"line":409,"column":53}},"77":{"start":{"line":410,"column":4},"end":{"line":410,"column":17}},"78":{"start":{"line":440,"column":2},"end":{"line":474,"column":3}},"79":{"start":{"line":441,"column":4},"end":{"line":441,"column":58}},"80":{"start":{"line":444,"column":23},"end":{"line":444,"column":50}},"81":{"start":{"line":445,"column":4},"end":{"line":448,"column":5}},"82":{"start":{"line":446,"column":6},"end":{"line":446,"column":70}},"83":{"start":{"line":447,"column":6},"end":{"line":447,"column":19}},"84":{"start":{"line":451,"column":4},"end":{"line":451,"column":32}},"85":{"start":{"line":453,"column":4},"end":{"line":453,"column":67}},"86":{"start":{"line":454,"column":4},"end":{"line":454,"column":16}},"87":{"start":{"line":457,"column":4},"end":{"line":469,"column":5}},"88":{"start":{"line":463,"column":6},"end":{"line":463,"column":67}},"89":{"start":{"line":464,"column":6},"end":{"line":468,"column":8}},"90":{"start":{"line":472,"column":4},"end":{"line":472,"column":70}},"91":{"start":{"line":473,"column":4},"end":{"line":473,"column":17}},"92":{"start":{"line":516,"column":2},"end":{"line":562,"column":3}},"93":{"start":{"line":517,"column":4},"end":{"line":517,"column":59}},"94":{"start":{"line":520,"column":18},"end":{"line":520,"column":43}},"95":{"start":{"line":523,"column":24},"end":{"line":523,"column":61}},"96":{"start":{"line":524,"column":17},"end":{"line":524,"column":40}},"97":{"start":{"line":527,"column":4},"end":{"line":532,"column":5}},"98":{"start":{"line":528,"column":6},"end":{"line":531,"column":8}},"99":{"start":{"line":535,"column":23},"end":{"line":538,"column":5}},"100":{"start":{"line":536,"column":34},"end":{"line":536,"column":65}},"101":{"start":{"line":540,"column":17},"end":{"line":546,"column":5}},"102":{"start":{"line":548,"column":4},"end":{"line":548,"column":53}},"103":{"start":{"line":549,"column":4},"end":{"line":549,"column":16}},"104":{"start":{"line":552,"column":4},"end":{"line":554,"column":5}},"105":{"start":{"line":553,"column":6},"end":{"line":553,"column":18}},"106":{"start":{"line":556,"column":4},"end":{"line":556,"column":53}},"107":{"start":{"line":557,"column":4},"end":{"line":561,"column":6}}},"fnMap":{"0":{"name":"exportData","decl":{"start":{"line":56,"column":22},"end":{"line":56,"column":32}},"loc":{"start":{"line":56,"column":68},"end":{"line":148,"column":1}},"line":56},"1":{"name":"importData","decl":{"start":{"line":201,"column":22},"end":{"line":201,"column":32}},"loc":{"start":{"line":201,"column":69},"end":{"line":307,"column":1}},"line":201},"2":{"name":"validateBackupFile","decl":{"start":{"line":370,"column":16},"end":{"line":370,"column":34}},"loc":{"start":{"line":370,"column":55},"end":{"line":412,"column":1}},"line":370},"3":{"name":"cleanupBackupFile","decl":{"start":{"line":439,"column":22},"end":{"line":439,"column":39}},"loc":{"start":{"line":439,"column":76},"end":{"line":475,"column":1}},"line":439},"4":{"name":"getBackupInfo","decl":{"start":{"line":509,"column":22},"end":{"line":509,"column":35}},"loc":{"start":{"line":515,"column":3},"end":{"line":563,"column":1}},"line":515},"5":{"name":"(anonymous_5)","decl":{"start":{"line":536,"column":6},"end":{"line":536,"column":7}},"loc":{"start":{"line":536,"column":34},"end":{"line":536,"column":65}},"line":536}},"branchMap":{"0":{"loc":{"start":{"line":101,"column":6},"end":{"line":112,"column":7}},"type":"if","locations":[{"start":{"line":101,"column":6},"end":{"line":112,"column":7}},{"start":{"line":104,"column":13},"end":{"line":112,"column":7}}],"line":101},"1":{"loc":{"start":{"line":101,"column":10},"end":{"line":101,"column":81}},"type":"binary-expr","locations":[{"start":{"line":101,"column":10},"end":{"line":101,"column":28}},{"start":{"line":101,"column":32},"end":{"line":101,"column":81}}],"line":101},"2":{"loc":{"start":{"line":121,"column":4},"end":{"line":123,"column":5}},"type":"if","locations":[{"start":{"line":121,"column":4},"end":{"line":123,"column":5}},{"start":{},"end":{}}],"line":121},"3":{"loc":{"start":{"line":121,"column":8},"end":{"line":121,"column":67}},"type":"binary-expr","locations":[{"start":{"line":121,"column":8},"end":{"line":121,"column":18}},{"start":{"line":121,"column":22},"end":{"line":121,"column":67}}],"line":121},"4":{"loc":{"start":{"line":126,"column":4},"end":{"line":138,"column":5}},"type":"if","locations":[{"start":{"line":126,"column":4},"end":{"line":138,"column":5}},{"start":{},"end":{}}],"line":126},"5":{"loc":{"start":{"line":127,"column":6},"end":{"line":130,"column":41}},"type":"binary-expr","locations":[{"start":{"line":127,"column":6},"end":{"line":127,"column":19}},{"start":{"line":128,"column":7},"end":{"line":128,"column":43}},{"start":{"line":129,"column":8},"end":{"line":129,"column":44}},{"start":{"line":130,"column":8},"end":{"line":130,"column":40}}],"line":127},"6":{"loc":{"start":{"line":209,"column":4},"end":{"line":214,"column":5}},"type":"if","locations":[{"start":{"line":209,"column":4},"end":{"line":214,"column":5}},{"start":{},"end":{}}],"line":209},"7":{"loc":{"start":{"line":245,"column":4},"end":{"line":252,"column":5}},"type":"if","locations":[{"start":{"line":245,"column":4},"end":{"line":252,"column":5}},{"start":{},"end":{}}],"line":245},"8":{"loc":{"start":{"line":265,"column":4},"end":{"line":267,"column":5}},"type":"if","locations":[{"start":{"line":265,"column":4},"end":{"line":267,"column":5}},{"start":{},"end":{}}],"line":265},"9":{"loc":{"start":{"line":265,"column":8},"end":{"line":265,"column":67}},"type":"binary-expr","locations":[{"start":{"line":265,"column":8},"end":{"line":265,"column":18}},{"start":{"line":265,"column":22},"end":{"line":265,"column":67}}],"line":265},"10":{"loc":{"start":{"line":270,"column":4},"end":{"line":282,"column":5}},"type":"if","locations":[{"start":{"line":270,"column":4},"end":{"line":282,"column":5}},{"start":{},"end":{}}],"line":270},"11":{"loc":{"start":{"line":271,"column":6},"end":{"line":274,"column":41}},"type":"binary-expr","locations":[{"start":{"line":271,"column":6},"end":{"line":271,"column":19}},{"start":{"line":272,"column":7},"end":{"line":272,"column":43}},{"start":{"line":273,"column":8},"end":{"line":273,"column":44}},{"start":{"line":274,"column":8},"end":{"line":274,"column":40}}],"line":271},"12":{"loc":{"start":{"line":285,"column":4},"end":{"line":297,"column":5}},"type":"if","locations":[{"start":{"line":285,"column":4},"end":{"line":297,"column":5}},{"start":{},"end":{}}],"line":285},"13":{"loc":{"start":{"line":286,"column":6},"end":{"line":289,"column":47}},"type":"binary-expr","locations":[{"start":{"line":286,"column":6},"end":{"line":286,"column":19}},{"start":{"line":287,"column":7},"end":{"line":287,"column":39}},{"start":{"line":288,"column":8},"end":{"line":288,"column":43}},{"start":{"line":289,"column":8},"end":{"line":289,"column":46}}],"line":286},"14":{"loc":{"start":{"line":373,"column":4},"end":{"line":376,"column":5}},"type":"if","locations":[{"start":{"line":373,"column":4},"end":{"line":376,"column":5}},{"start":{},"end":{}}],"line":373},"15":{"loc":{"start":{"line":373,"column":8},"end":{"line":373,"column":41}},"type":"binary-expr","locations":[{"start":{"line":373,"column":8},"end":{"line":373,"column":13}},{"start":{"line":373,"column":17},"end":{"line":373,"column":41}}],"line":373},"16":{"loc":{"start":{"line":379,"column":4},"end":{"line":384,"column":5}},"type":"if","locations":[{"start":{"line":379,"column":4},"end":{"line":384,"column":5}},{"start":{},"end":{}}],"line":379},"17":{"loc":{"start":{"line":379,"column":8},"end":{"line":379,"column":72}},"type":"binary-expr","locations":[{"start":{"line":379,"column":8},"end":{"line":379,"column":46}},{"start":{"line":379,"column":50},"end":{"line":379,"column":72}}],"line":379},"18":{"loc":{"start":{"line":387,"column":4},"end":{"line":392,"column":5}},"type":"if","locations":[{"start":{"line":387,"column":4},"end":{"line":392,"column":5}},{"start":{},"end":{}}],"line":387},"19":{"loc":{"start":{"line":397,"column":4},"end":{"line":400,"column":5}},"type":"if","locations":[{"start":{"line":397,"column":4},"end":{"line":400,"column":5}},{"start":{},"end":{}}],"line":397},"20":{"loc":{"start":{"line":445,"column":4},"end":{"line":448,"column":5}},"type":"if","locations":[{"start":{"line":445,"column":4},"end":{"line":448,"column":5}},{"start":{},"end":{}}],"line":445},"21":{"loc":{"start":{"line":457,"column":4},"end":{"line":469,"column":5}},"type":"if","locations":[{"start":{"line":457,"column":4},"end":{"line":469,"column":5}},{"start":{},"end":{}}],"line":457},"22":{"loc":{"start":{"line":458,"column":6},"end":{"line":461,"column":41}},"type":"binary-expr","locations":[{"start":{"line":458,"column":6},"end":{"line":458,"column":19}},{"start":{"line":459,"column":7},"end":{"line":459,"column":43}},{"start":{"line":460,"column":8},"end":{"line":460,"column":44}},{"start":{"line":461,"column":8},"end":{"line":461,"column":40}}],"line":458},"23":{"loc":{"start":{"line":527,"column":4},"end":{"line":532,"column":5}},"type":"if","locations":[{"start":{"line":527,"column":4},"end":{"line":532,"column":5}},{"start":{},"end":{}}],"line":527},"24":{"loc":{"start":{"line":536,"column":41},"end":{"line":536,"column":64}},"type":"binary-expr","locations":[{"start":{"line":536,"column":41},"end":{"line":536,"column":59}},{"start":{"line":536,"column":63},"end":{"line":536,"column":64}}],"line":536},"25":{"loc":{"start":{"line":545,"column":16},"end":{"line":545,"column":54}},"type":"binary-expr","locations":[{"start":{"line":545,"column":16},"end":{"line":545,"column":41}},{"start":{"line":545,"column":45},"end":{"line":545,"column":54}}],"line":545},"26":{"loc":{"start":{"line":552,"column":4},"end":{"line":554,"column":5}},"type":"if","locations":[{"start":{"line":552,"column":4},"end":{"line":554,"column":5}},{"start":{},"end":{}}],"line":552},"27":{"loc":{"start":{"line":552,"column":8},"end":{"line":552,"column":67}},"type":"binary-expr","locations":[{"start":{"line":552,"column":8},"end":{"line":552,"column":18}},{"start":{"line":552,"column":22},"end":{"line":552,"column":67}}],"line":552}},"s":{"0":0,"1":0,"2":0,"3":0,"4":0,"5":0,"6":0,"7":0,"8":0,"9":0,"10":0,"11":0,"12":0,"13":0,"14":0,"15":0,"16":0,"17":0,"18":0,"19":0,"20":0,"21":0,"22":0,"23":0,"24":0,"25":0,"26":0,"27":0,"28":0,"29":0,"30":0,"31":0,"32":0,"33":0,"34":0,"35":0,"36":0,"37":0,"38":0,"39":0,"40":0,"41":0,"42":0,"43":0,"44":0,"45":0,"46":0,"47":0,"48":0,"49":0,"50":0,"51":0,"52":0,"53":0,"54":0,"55":0,"56":0,"57":0,"58":0,"59":0,"60":0,"61":0,"62":0,"63":0,"64":0,"65":0,"66":0,"67":0,"68":0,"69":0,"70":0,"71":0,"72":0,"73":0,"74":0,"75":0,"76":0,"77":0,"78":0,"79":0,"80":0,"81":0,"82":0,"83":0,"84":0,"85":0,"86":0,"87":0,"88":0,"89":0,"90":0,"91":0,"92":0,"93":0,"94":0,"95":0,"96":0,"97":0,"98":0,"99":0,"100":0,"101":0,"102":0,"103":0,"104":0,"105":0,"106":0,"107":0},"f":{"0":0,"1":0,"2":0,"3":0,"4":0,"5":0},"b":{"0":[0,0],"1":[0,0],"2":[0,0],"3":[0,0],"4":[0,0],"5":[0,0,0,0],"6":[0,0],"7":[0,0],"8":[0,0],"9":[0,0],"10":[0,0],"11":[0,0,0,0],"12":[0,0],"13":[0,0,0,0],"14":[0,0],"15":[0,0],"16":[0,0],"17":[0,0],"18":[0,0],"19":[0,0],"20":[0,0],"21":[0,0],"22":[0,0,0,0],"23":[0,0],"24":[0,0],"25":[0,0],"26":[0,0],"27":[0,0]}}
,"C:\\Users\\jaeyun\\Desktop\\projects\\taskmanager-mobile\\src\\services\\storage.ts": {"path":"C:\\Users\\jaeyun\\Desktop\\projects\\taskmanager-mobile\\src\\services\\storage.ts","statementMap":{"0":{"start":{"line":31,"column":20},"end":{"line":31,"column":30}},"1":{"start":{"line":36,"column":19},"end":{"line":36,"column":36}},"2":{"start":{"line":42,"column":25},"end":{"line":42,"column":40}},"3":{"start":{"line":48,"column":30},"end":{"line":48,"column":31}},"4":{"start":{"line":53,"column":31},"end":{"line":53,"column":33}},"5":{"start":{"line":58,"column":25},"end":{"line":58,"column":26}},"6":{"start":{"line":89,"column":16},"end":{"line":89,"column":50}},"7":{"start":{"line":91,"column":2},"end":{"line":147,"column":3}},"8":{"start":{"line":92,"column":4},"end":{"line":92,"column":73}},"9":{"start":{"line":95,"column":20},"end":{"line":95,"column":59}},"10":{"start":{"line":98,"column":4},"end":{"line":102,"column":5}},"11":{"start":{"line":99,"column":6},"end":{"line":99,"column":66}},"12":{"start":{"line":100,"column":6},"end":{"line":100,"column":18}},"13":{"start":{"line":101,"column":6},"end":{"line":101,"column":31}},"14":{"start":{"line":106,"column":4},"end":{"line":114,"column":5}},"15":{"start":{"line":107,"column":6},"end":{"line":107,"column":39}},"16":{"start":{"line":109,"column":6},"end":{"line":109,"column":97}},"17":{"start":{"line":111,"column":25},"end":{"line":111,"column":47}},"18":{"start":{"line":112,"column":6},"end":{"line":112,"column":18}},"19":{"start":{"line":113,"column":6},"end":{"line":113,"column":24}},"20":{"start":{"line":117,"column":4},"end":{"line":122,"column":5}},"21":{"start":{"line":118,"column":6},"end":{"line":118,"column":72}},"22":{"start":{"line":119,"column":25},"end":{"line":119,"column":47}},"23":{"start":{"line":120,"column":6},"end":{"line":120,"column":18}},"24":{"start":{"line":121,"column":6},"end":{"line":121,"column":24}},"25":{"start":{"line":125,"column":25},"end":{"line":125,"column":50}},"26":{"start":{"line":127,"column":4},"end":{"line":130,"column":7}},"27":{"start":{"line":132,"column":4},"end":{"line":132,"column":16}},"28":{"start":{"line":133,"column":4},"end":{"line":133,"column":24}},"29":{"start":{"line":135,"column":4},"end":{"line":135,"column":77}},"30":{"start":{"line":138,"column":21},"end":{"line":142,"column":5}},"31":{"start":{"line":143,"column":4},"end":{"line":143,"column":26}},"32":{"start":{"line":145,"column":4},"end":{"line":145,"column":16}},"33":{"start":{"line":146,"column":4},"end":{"line":146,"column":29}},"34":{"start":{"line":179,"column":16},"end":{"line":179,"column":50}},"35":{"start":{"line":181,"column":2},"end":{"line":249,"column":3}},"36":{"start":{"line":182,"column":4},"end":{"line":185,"column":7}},"37":{"start":{"line":188,"column":24},"end":{"line":188,"column":50}},"38":{"start":{"line":189,"column":30},"end":{"line":189,"column":60}},"39":{"start":{"line":191,"column":4},"end":{"line":195,"column":7}},"40":{"start":{"line":198,"column":4},"end":{"line":229,"column":5}},"41":{"start":{"line":199,"column":6},"end":{"line":202,"column":9}},"42":{"start":{"line":204,"column":26},"end":{"line":204,"column":54}},"43":{"start":{"line":205,"column":26},"end":{"line":205,"column":59}},"44":{"start":{"line":208,"column":6},"end":{"line":216,"column":7}},"45":{"start":{"line":209,"column":22},"end":{"line":212,"column":9}},"46":{"start":{"line":213,"column":8},"end":{"line":213,"column":27}},"47":{"start":{"line":214,"column":8},"end":{"line":214,"column":20}},"48":{"start":{"line":215,"column":8},"end":{"line":215,"column":20}},"49":{"start":{"line":218,"column":6},"end":{"line":223,"column":9}},"50":{"start":{"line":226,"column":6},"end":{"line":226,"column":37}},"51":{"start":{"line":227,"column":6},"end":{"line":227,"column":18}},"52":{"start":{"line":228,"column":6},"end":{"line":228,"column":13}},"53":{"start":{"line":232,"column":4},"end":{"line":234,"column":5}},"54":{"start":{"line":233,"column":6},"end":{"line":233,"column":87}},"55":{"start":{"line":237,"column":4},"end":{"line":237,"column":28}},"56":{"start":{"line":239,"column":4},"end":{"line":242,"column":7}},"57":{"start":{"line":244,"column":4},"end":{"line":244,"column":16}},"58":{"start":{"line":246,"column":4},"end":{"line":246,"column":56}},"59":{"start":{"line":247,"column":4},"end":{"line":247,"column":16}},"60":{"start":{"line":248,"column":4},"end":{"line":248,"column":16}},"61":{"start":{"line":269,"column":25},"end":{"line":269,"column":48}},"62":{"start":{"line":272,"column":2},"end":{"line":275,"column":3}},"63":{"start":{"line":273,"column":4},"end":{"line":273,"column":87}},"64":{"start":{"line":274,"column":4},"end":{"line":274,"column":27}},"65":{"start":{"line":277,"column":2},"end":{"line":280,"column":5}},"66":{"start":{"line":282,"column":21},"end":{"line":282,"column":32}},"67":{"start":{"line":285,"column":2},"end":{"line":287,"column":3}},"68":{"start":{"line":286,"column":4},"end":{"line":286,"column":45}},"69":{"start":{"line":294,"column":2},"end":{"line":296,"column":5}},"70":{"start":{"line":298,"column":2},"end":{"line":298,"column":22}},"71":{"start":{"line":325,"column":2},"end":{"line":325,"column":82}},"72":{"start":{"line":327,"column":14},"end":{"line":327,"column":24}},"73":{"start":{"line":328,"column":22},"end":{"line":328,"column":66}},"74":{"start":{"line":330,"column":23},"end":{"line":363,"column":4}},"75":{"start":{"line":332,"column":4},"end":{"line":334,"column":5}},"76":{"start":{"line":333,"column":6},"end":{"line":333,"column":18}},"77":{"start":{"line":337,"column":27},"end":{"line":337,"column":72}},"78":{"start":{"line":337,"column":55},"end":{"line":337,"column":64}},"79":{"start":{"line":338,"column":29},"end":{"line":338,"column":65}},"80":{"start":{"line":341,"column":4},"end":{"line":343,"column":5}},"81":{"start":{"line":342,"column":6},"end":{"line":342,"column":18}},"82":{"start":{"line":346,"column":22},"end":{"line":346,"column":56}},"83":{"start":{"line":347,"column":18},"end":{"line":347,"column":33}},"84":{"start":{"line":348,"column":18},"end":{"line":348,"column":37}},"85":{"start":{"line":351,"column":4},"end":{"line":353,"column":5}},"86":{"start":{"line":352,"column":6},"end":{"line":352,"column":18}},"87":{"start":{"line":356,"column":4},"end":{"line":360,"column":7}},"88":{"start":{"line":362,"column":4},"end":{"line":362,"column":17}},"89":{"start":{"line":365,"column":23},"end":{"line":365,"column":62}},"90":{"start":{"line":367,"column":2},"end":{"line":372,"column":3}},"91":{"start":{"line":368,"column":4},"end":{"line":371,"column":7}},"92":{"start":{"line":374,"column":2},"end":{"line":377,"column":4}},"93":{"start":{"line":393,"column":2},"end":{"line":393,"column":48}},"94":{"start":{"line":395,"column":2},"end":{"line":398,"column":4}},"95":{"start":{"line":414,"column":2},"end":{"line":440,"column":3}},"96":{"start":{"line":415,"column":4},"end":{"line":415,"column":50}},"97":{"start":{"line":417,"column":23},"end":{"line":417,"column":61}},"98":{"start":{"line":419,"column":4},"end":{"line":422,"column":5}},"99":{"start":{"line":420,"column":6},"end":{"line":420,"column":42}},"100":{"start":{"line":421,"column":6},"end":{"line":421,"column":31}},"101":{"start":{"line":424,"column":25},"end":{"line":424,"column":47}},"102":{"start":{"line":426,"column":4},"end":{"line":429,"column":5}},"103":{"start":{"line":427,"column":6},"end":{"line":427,"column":52}},"104":{"start":{"line":428,"column":6},"end":{"line":428,"column":31}},"105":{"start":{"line":431,"column":4},"end":{"line":433,"column":7}},"106":{"start":{"line":436,"column":4},"end":{"line":436,"column":39}},"107":{"start":{"line":438,"column":4},"end":{"line":438,"column":63}},"108":{"start":{"line":439,"column":4},"end":{"line":439,"column":29}},"109":{"start":{"line":455,"column":32},"end":{"line":455,"column":36}},"110":{"start":{"line":458,"column":2},"end":{"line":493,"column":3}},"111":{"start":{"line":458,"column":21},"end":{"line":458,"column":22}},"112":{"start":{"line":459,"column":4},"end":{"line":492,"column":5}},"113":{"start":{"line":460,"column":6},"end":{"line":462,"column":7}},"114":{"start":{"line":461,"column":8},"end":{"line":461,"column":60}},"115":{"start":{"line":465,"column":25},"end":{"line":465,"column":45}},"116":{"start":{"line":468,"column":6},"end":{"line":471,"column":9}},"117":{"start":{"line":473,"column":6},"end":{"line":473,"column":55}},"118":{"start":{"line":474,"column":6},"end":{"line":474,"column":13}},"119":{"start":{"line":476,"column":6},"end":{"line":476,"column":33}},"120":{"start":{"line":477,"column":6},"end":{"line":477,"column":68}},"121":{"start":{"line":480,"column":6},"end":{"line":488,"column":7}},"122":{"start":{"line":481,"column":25},"end":{"line":485,"column":9}},"123":{"start":{"line":486,"column":8},"end":{"line":486,"column":30}},"124":{"start":{"line":487,"column":8},"end":{"line":487,"column":23}},"125":{"start":{"line":491,"column":6},"end":{"line":491,"column":63}},"126":{"start":{"line":491,"column":37},"end":{"line":491,"column":61}},"127":{"start":{"line":496,"column":2},"end":{"line":500,"column":4}},"128":{"start":{"line":515,"column":2},"end":{"line":515,"column":41}},"129":{"start":{"line":517,"column":14},"end":{"line":517,"column":38}},"130":{"start":{"line":520,"column":16},"end":{"line":520,"column":59}},"131":{"start":{"line":523,"column":24},"end":{"line":534,"column":4}},"132":{"start":{"line":524,"column":4},"end":{"line":533,"column":6}},"133":{"start":{"line":536,"column":2},"end":{"line":539,"column":4}},"134":{"start":{"line":549,"column":33},"end":{"line":556,"column":1}}},"fnMap":{"0":{"name":"loadAppData","decl":{"start":{"line":88,"column":22},"end":{"line":88,"column":33}},"loc":{"start":{"line":88,"column":54},"end":{"line":148,"column":1}},"line":88},"1":{"name":"saveAppData","decl":{"start":{"line":178,"column":22},"end":{"line":178,"column":33}},"loc":{"start":{"line":178,"column":64},"end":{"line":250,"column":1}},"line":178},"2":{"name":"migrateSchema","decl":{"start":{"line":268,"column":16},"end":{"line":268,"column":29}},"loc":{"start":{"line":268,"column":50},"end":{"line":299,"column":1}},"line":268},"3":{"name":"cleanOldCompletedTasks","decl":{"start":{"line":324,"column":16},"end":{"line":324,"column":38}},"loc":{"start":{"line":324,"column":63},"end":{"line":378,"column":1}},"line":324},"4":{"name":"(anonymous_4)","decl":{"start":{"line":330,"column":41},"end":{"line":330,"column":42}},"loc":{"start":{"line":330,"column":51},"end":{"line":363,"column":3}},"line":330},"5":{"name":"(anonymous_5)","decl":{"start":{"line":337,"column":45},"end":{"line":337,"column":46}},"loc":{"start":{"line":337,"column":55},"end":{"line":337,"column":64}},"line":337},"6":{"name":"createEmptyData","decl":{"start":{"line":392,"column":16},"end":{"line":392,"column":31}},"loc":{"start":{"line":392,"column":43},"end":{"line":399,"column":1}},"line":392},"7":{"name":"loadFromBackup","decl":{"start":{"line":413,"column":15},"end":{"line":413,"column":29}},"loc":{"start":{"line":413,"column":50},"end":{"line":441,"column":1}},"line":413},"8":{"name":"performSave","decl":{"start":{"line":454,"column":15},"end":{"line":454,"column":26}},"loc":{"start":{"line":454,"column":57},"end":{"line":501,"column":1}},"line":454},"9":{"name":"(anonymous_9)","decl":{"start":{"line":491,"column":24},"end":{"line":491,"column":25}},"loc":{"start":{"line":491,"column":37},"end":{"line":491,"column":61}},"line":491},"10":{"name":"migrateToV1","decl":{"start":{"line":514,"column":9},"end":{"line":514,"column":20}},"loc":{"start":{"line":514,"column":41},"end":{"line":540,"column":1}},"line":514},"11":{"name":"(anonymous_11)","decl":{"start":{"line":523,"column":34},"end":{"line":523,"column":35}},"loc":{"start":{"line":523,"column":49},"end":{"line":534,"column":3}},"line":523}},"branchMap":{"0":{"loc":{"start":{"line":98,"column":4},"end":{"line":102,"column":5}},"type":"if","locations":[{"start":{"line":98,"column":4},"end":{"line":102,"column":5}},{"start":{},"end":{}}],"line":98},"1":{"loc":{"start":{"line":117,"column":4},"end":{"line":122,"column":5}},"type":"if","locations":[{"start":{"line":117,"column":4},"end":{"line":122,"column":5}},{"start":{},"end":{}}],"line":117},"2":{"loc":{"start":{"line":198,"column":4},"end":{"line":229,"column":5}},"type":"if","locations":[{"start":{"line":198,"column":4},"end":{"line":229,"column":5}},{"start":{},"end":{}}],"line":198},"3":{"loc":{"start":{"line":208,"column":6},"end":{"line":216,"column":7}},"type":"if","locations":[{"start":{"line":208,"column":6},"end":{"line":216,"column":7}},{"start":{},"end":{}}],"line":208},"4":{"loc":{"start":{"line":232,"column":4},"end":{"line":234,"column":5}},"type":"if","locations":[{"start":{"line":232,"column":4},"end":{"line":234,"column":5}},{"start":{},"end":{}}],"line":232},"5":{"loc":{"start":{"line":269,"column":25},"end":{"line":269,"column":48}},"type":"binary-expr","locations":[{"start":{"line":269,"column":25},"end":{"line":269,"column":43}},{"start":{"line":269,"column":47},"end":{"line":269,"column":48}}],"line":269},"6":{"loc":{"start":{"line":272,"column":2},"end":{"line":275,"column":3}},"type":"if","locations":[{"start":{"line":272,"column":2},"end":{"line":275,"column":3}},{"start":{},"end":{}}],"line":272},"7":{"loc":{"start":{"line":285,"column":2},"end":{"line":287,"column":3}},"type":"if","locations":[{"start":{"line":285,"column":2},"end":{"line":287,"column":3}},{"start":{},"end":{}}],"line":285},"8":{"loc":{"start":{"line":332,"column":4},"end":{"line":334,"column":5}},"type":"if","locations":[{"start":{"line":332,"column":4},"end":{"line":334,"column":5}},{"start":{},"end":{}}],"line":332},"9":{"loc":{"start":{"line":341,"column":4},"end":{"line":343,"column":5}},"type":"if","locations":[{"start":{"line":341,"column":4},"end":{"line":343,"column":5}},{"start":{},"end":{}}],"line":341},"10":{"loc":{"start":{"line":351,"column":4},"end":{"line":353,"column":5}},"type":"if","locations":[{"start":{"line":351,"column":4},"end":{"line":353,"column":5}},{"start":{},"end":{}}],"line":351},"11":{"loc":{"start":{"line":367,"column":2},"end":{"line":372,"column":3}},"type":"if","locations":[{"start":{"line":367,"column":2},"end":{"line":372,"column":3}},{"start":{},"end":{}}],"line":367},"12":{"loc":{"start":{"line":419,"column":4},"end":{"line":422,"column":5}},"type":"if","locations":[{"start":{"line":419,"column":4},"end":{"line":422,"column":5}},{"start":{},"end":{}}],"line":419},"13":{"loc":{"start":{"line":426,"column":4},"end":{"line":429,"column":5}},"type":"if","locations":[{"start":{"line":426,"column":4},"end":{"line":429,"column":5}},{"start":{},"end":{}}],"line":426},"14":{"loc":{"start":{"line":460,"column":6},"end":{"line":462,"column":7}},"type":"if","locations":[{"start":{"line":460,"column":6},"end":{"line":462,"column":7}},{"start":{},"end":{}}],"line":460},"15":{"loc":{"start":{"line":480,"column":6},"end":{"line":488,"column":7}},"type":"if","locations":[{"start":{"line":480,"column":6},"end":{"line":488,"column":7}},{"start":{},"end":{}}],"line":480},"16":{"loc":{"start":{"line":499,"column":4},"end":{"line":499,"column":26}},"type":"binary-expr","locations":[{"start":{"line":499,"column":4},"end":{"line":499,"column":13}},{"start":{"line":499,"column":17},"end":{"line":499,"column":26}}],"line":499},"17":{"loc":{"start":{"line":520,"column":16},"end":{"line":520,"column":59}},"type":"cond-expr","locations":[{"start":{"line":520,"column":44},"end":{"line":520,"column":54}},{"start":{"line":520,"column":57},"end":{"line":520,"column":59}}],"line":520},"18":{"loc":{"start":{"line":527,"column":17},"end":{"line":527,"column":38}},"type":"binary-expr","locations":[{"start":{"line":527,"column":17},"end":{"line":527,"column":31}},{"start":{"line":527,"column":35},"end":{"line":527,"column":38}}],"line":527},"19":{"loc":{"start":{"line":528,"column":17},"end":{"line":528,"column":38}},"type":"binary-expr","locations":[{"start":{"line":528,"column":17},"end":{"line":528,"column":31}},{"start":{"line":528,"column":35},"end":{"line":528,"column":38}}],"line":528},"20":{"loc":{"start":{"line":530,"column":21},"end":{"line":530,"column":44}},"type":"binary-expr","locations":[{"start":{"line":530,"column":21},"end":{"line":530,"column":39}},{"start":{"line":530,"column":43},"end":{"line":530,"column":44}}],"line":530},"21":{"loc":{"start":{"line":532,"column":13},"end":{"line":532,"column":56}},"type":"cond-expr","locations":[{"start":{"line":532,"column":41},"end":{"line":532,"column":51}},{"start":{"line":532,"column":54},"end":{"line":532,"column":56}}],"line":532}},"s":{"0":2,"1":2,"2":2,"3":2,"4":2,"5":2,"6":16,"7":16,"8":16,"9":16,"10":14,"11":6,"12":6,"13":6,"14":8,"15":8,"16":3,"17":3,"18":3,"19":3,"20":5,"21":1,"22":1,"23":1,"24":1,"25":4,"26":4,"27":4,"28":4,"29":2,"30":2,"31":2,"32":2,"33":2,"34":27,"35":27,"36":27,"37":27,"38":27,"39":27,"40":27,"41":0,"42":0,"43":0,"44":0,"45":0,"46":0,"47":0,"48":0,"49":0,"50":0,"51":0,"52":0,"53":27,"54":0,"55":27,"56":25,"57":25,"58":2,"59":2,"60":2,"61":8,"62":8,"63":6,"64":6,"65":2,"66":2,"67":2,"68":2,"69":2,"70":2,"71":4,"72":4,"73":4,"74":4,"75":8,"76":2,"77":6,"78":30,"79":6,"80":6,"81":3,"82":3,"83":3,"84":3,"85":3,"86":2,"87":1,"88":1,"89":4,"90":4,"91":1,"92":4,"93":23,"94":23,"95":4,"96":4,"97":4,"98":4,"99":2,"100":2,"101":2,"102":1,"103":0,"104":0,"105":1,"106":1,"107":1,"108":1,"109":27,"110":27,"111":27,"112":30,"113":30,"114":3,"115":30,"116":30,"117":25,"118":25,"119":5,"120":5,"121":5,"122":2,"123":2,"124":2,"125":3,"126":3,"127":0,"128":2,"129":2,"130":2,"131":2,"132":1,"133":2,"134":2},"f":{"0":16,"1":27,"2":8,"3":4,"4":8,"5":30,"6":23,"7":4,"8":27,"9":3,"10":2,"11":1},"b":{"0":[6,8],"1":[1,4],"2":[0,27],"3":[0,0],"4":[0,27],"5":[8,2],"6":[6,2],"7":[2,0],"8":[2,6],"9":[3,3],"10":[2,1],"11":[1,3],"12":[2,2],"13":[0,1],"14":[3,27],"15":[2,3],"16":[0,0],"17":[1,1],"18":[1,1],"19":[1,1],"20":[1,1],"21":[1,0]},"_coverageSchema":"1a1c01bbd47fc00a2c39e90264f33305004495a9","hash":"6e5ed4975c3da49facaa35d58218f46fe70f94e5"}
,"C:\\Users\\jaeyun\\Desktop\\projects\\taskmanager-mobile\\src\\store\\taskStore.ts": {"path":"C:\\Users\\jaeyun\\Desktop\\projects\\taskmanager-mobile\\src\\store\\taskStore.ts","statementMap":{"0":{"start":{"line":65,"column":38},"end":{"line":65,"column":42}},"1":{"start":{"line":66,"column":28},"end":{"line":66,"column":32}},"2":{"start":{"line":72,"column":21},"end":{"line":101,"column":1}},"3":{"start":{"line":74,"column":4},"end":{"line":77,"column":5}},"4":{"start":{"line":75,"column":6},"end":{"line":75,"column":69}},"5":{"start":{"line":76,"column":6},"end":{"line":76,"column":13}},"6":{"start":{"line":79,"column":4},"end":{"line":97,"column":5}},"7":{"start":{"line":80,"column":6},"end":{"line":80,"column":76}},"8":{"start":{"line":82,"column":31},"end":{"line":85,"column":7}},"9":{"start":{"line":87,"column":6},"end":{"line":87,"column":33}},"10":{"start":{"line":88,"column":6},"end":{"line":88,"column":59}},"11":{"start":{"line":90,"column":6},"end":{"line":90,"column":58}},"12":{"start":{"line":93,"column":6},"end":{"line":96,"column":7}},"13":{"start":{"line":95,"column":8},"end":{"line":95,"column":59}},"14":{"start":{"line":107,"column":50},"end":{"line":107,"column":59}},"15":{"start":{"line":113,"column":28},"end":{"line":637,"column":2}},"16":{"start":{"line":115,"column":2},"end":{"line":131,"column":17}},"17":{"start":{"line":121,"column":26},"end":{"line":121,"column":44}},"18":{"start":{"line":122,"column":34},"end":{"line":122,"column":52}},"19":{"start":{"line":125,"column":19},"end":{"line":125,"column":28}},"20":{"start":{"line":126,"column":35},"end":{"line":126,"column":53}},"21":{"start":{"line":128,"column":38},"end":{"line":128,"column":56}},"22":{"start":{"line":133,"column":2},"end":{"line":636,"column":4}},"23":{"start":{"line":146,"column":20},"end":{"line":146,"column":61}},"24":{"start":{"line":148,"column":6},"end":{"line":176,"column":7}},"25":{"start":{"line":149,"column":8},"end":{"line":149,"column":50}},"26":{"start":{"line":150,"column":8},"end":{"line":150,"column":46}},"27":{"start":{"line":153,"column":24},"end":{"line":153,"column":43}},"28":{"start":{"line":154,"column":8},"end":{"line":154,"column":76}},"29":{"start":{"line":157,"column":8},"end":{"line":161,"column":11}},"30":{"start":{"line":164,"column":8},"end":{"line":164,"column":85}},"31":{"start":{"line":166,"column":8},"end":{"line":166,"column":67}},"32":{"start":{"line":167,"column":8},"end":{"line":167,"column":20}},"33":{"start":{"line":169,"column":8},"end":{"line":169,"column":67}},"34":{"start":{"line":170,"column":8},"end":{"line":174,"column":11}},"35":{"start":{"line":175,"column":8},"end":{"line":175,"column":20}},"36":{"start":{"line":187,"column":6},"end":{"line":238,"column":7}},"37":{"start":{"line":188,"column":8},"end":{"line":188,"column":47}},"38":{"start":{"line":191,"column":32},"end":{"line":191,"column":52}},"39":{"start":{"line":192,"column":8},"end":{"line":198,"column":9}},"40":{"start":{"line":193,"column":10},"end":{"line":193,"column":88}},"41":{"start":{"line":194,"column":10},"end":{"line":197,"column":12}},"42":{"start":{"line":200,"column":26},"end":{"line":200,"column":31}},"43":{"start":{"line":203,"column":27},"end":{"line":203,"column":55}},"44":{"start":{"line":204,"column":8},"end":{"line":210,"column":9}},"45":{"start":{"line":205,"column":10},"end":{"line":205,"column":77}},"46":{"start":{"line":206,"column":10},"end":{"line":209,"column":12}},"47":{"start":{"line":213,"column":20},"end":{"line":213,"column":44}},"48":{"start":{"line":214,"column":30},"end":{"line":221,"column":9}},"49":{"start":{"line":224,"column":29},"end":{"line":224,"column":48}},"50":{"start":{"line":225,"column":8},"end":{"line":225,"column":37}},"51":{"start":{"line":228,"column":8},"end":{"line":228,"column":35}},"52":{"start":{"line":230,"column":8},"end":{"line":230,"column":93}},"53":{"start":{"line":231,"column":8},"end":{"line":231,"column":33}},"54":{"start":{"line":233,"column":8},"end":{"line":233,"column":59}},"55":{"start":{"line":234,"column":8},"end":{"line":237,"column":10}},"56":{"start":{"line":245,"column":6},"end":{"line":286,"column":7}},"57":{"start":{"line":246,"column":8},"end":{"line":246,"column":66}},"58":{"start":{"line":249,"column":32},"end":{"line":249,"column":55}},"59":{"start":{"line":250,"column":8},"end":{"line":256,"column":9}},"60":{"start":{"line":251,"column":10},"end":{"line":251,"column":88}},"61":{"start":{"line":252,"column":10},"end":{"line":255,"column":12}},"62":{"start":{"line":258,"column":26},"end":{"line":258,"column":31}},"63":{"start":{"line":259,"column":32},"end":{"line":259,"column":56}},"64":{"start":{"line":262,"column":29},"end":{"line":271,"column":10}},"65":{"start":{"line":263,"column":10},"end":{"line":269,"column":11}},"66":{"start":{"line":264,"column":12},"end":{"line":268,"column":14}},"67":{"start":{"line":270,"column":10},"end":{"line":270,"column":22}},"68":{"start":{"line":273,"column":8},"end":{"line":273,"column":37}},"69":{"start":{"line":276,"column":8},"end":{"line":276,"column":35}},"70":{"start":{"line":278,"column":8},"end":{"line":278,"column":81}},"71":{"start":{"line":279,"column":8},"end":{"line":279,"column":33}},"72":{"start":{"line":281,"column":8},"end":{"line":281,"column":68}},"73":{"start":{"line":282,"column":8},"end":{"line":285,"column":10}},"74":{"start":{"line":293,"column":6},"end":{"line":342,"column":7}},"75":{"start":{"line":294,"column":8},"end":{"line":294,"column":50}},"76":{"start":{"line":296,"column":26},"end":{"line":296,"column":31}},"77":{"start":{"line":299,"column":29},"end":{"line":299,"column":69}},"78":{"start":{"line":299,"column":50},"end":{"line":299,"column":68}},"79":{"start":{"line":300,"column":8},"end":{"line":303,"column":9}},"80":{"start":{"line":301,"column":10},"end":{"line":301,"column":65}},"81":{"start":{"line":302,"column":10},"end":{"line":302,"column":17}},"82":{"start":{"line":306,"column":29},"end":{"line":306,"column":71}},"83":{"start":{"line":306,"column":52},"end":{"line":306,"column":70}},"84":{"start":{"line":309,"column":41},"end":{"line":313,"column":9}},"85":{"start":{"line":315,"column":8},"end":{"line":318,"column":11}},"86":{"start":{"line":321,"column":8},"end":{"line":321,"column":35}},"87":{"start":{"line":324,"column":28},"end":{"line":332,"column":16}},"88":{"start":{"line":325,"column":10},"end":{"line":325,"column":64}},"89":{"start":{"line":327,"column":35},"end":{"line":327,"column":40}},"90":{"start":{"line":328,"column":38},"end":{"line":328,"column":83}},"91":{"start":{"line":328,"column":66},"end":{"line":328,"column":82}},"92":{"start":{"line":329,"column":10},"end":{"line":329,"column":53}},"93":{"start":{"line":331,"column":10},"end":{"line":331,"column":38}},"94":{"start":{"line":334,"column":8},"end":{"line":334,"column":46}},"95":{"start":{"line":336,"column":8},"end":{"line":339,"column":11}},"96":{"start":{"line":341,"column":8},"end":{"line":341,"column":62}},"97":{"start":{"line":349,"column":6},"end":{"line":385,"column":7}},"98":{"start":{"line":350,"column":8},"end":{"line":350,"column":58}},"99":{"start":{"line":352,"column":40},"end":{"line":352,"column":45}},"100":{"start":{"line":355,"column":28},"end":{"line":355,"column":71}},"101":{"start":{"line":355,"column":54},"end":{"line":355,"column":70}},"102":{"start":{"line":356,"column":8},"end":{"line":359,"column":9}},"103":{"start":{"line":357,"column":10},"end":{"line":357,"column":69}},"104":{"start":{"line":358,"column":10},"end":{"line":358,"column":17}},"105":{"start":{"line":362,"column":22},"end":{"line":362,"column":46}},"106":{"start":{"line":363,"column":8},"end":{"line":366,"column":9}},"107":{"start":{"line":364,"column":10},"end":{"line":364,"column":30}},"108":{"start":{"line":365,"column":10},"end":{"line":365,"column":38}},"109":{"start":{"line":369,"column":29},"end":{"line":369,"column":57}},"110":{"start":{"line":372,"column":36},"end":{"line":372,"column":81}},"111":{"start":{"line":372,"column":64},"end":{"line":372,"column":80}},"112":{"start":{"line":374,"column":8},"end":{"line":377,"column":11}},"113":{"start":{"line":380,"column":8},"end":{"line":380,"column":35}},"114":{"start":{"line":382,"column":8},"end":{"line":382,"column":87}},"115":{"start":{"line":384,"column":8},"end":{"line":384,"column":69}},"116":{"start":{"line":392,"column":24},"end":{"line":392,"column":29}},"117":{"start":{"line":393,"column":6},"end":{"line":393,"column":54}},"118":{"start":{"line":393,"column":34},"end":{"line":393,"column":52}},"119":{"start":{"line":404,"column":6},"end":{"line":471,"column":7}},"120":{"start":{"line":405,"column":8},"end":{"line":405,"column":69}},"121":{"start":{"line":408,"column":32},"end":{"line":408,"column":56}},"122":{"start":{"line":409,"column":8},"end":{"line":415,"column":9}},"123":{"start":{"line":410,"column":10},"end":{"line":410,"column":88}},"124":{"start":{"line":411,"column":10},"end":{"line":414,"column":12}},"125":{"start":{"line":417,"column":26},"end":{"line":417,"column":31}},"126":{"start":{"line":420,"column":21},"end":{"line":420,"column":55}},"127":{"start":{"line":420,"column":39},"end":{"line":420,"column":54}},"128":{"start":{"line":421,"column":8},"end":{"line":427,"column":9}},"129":{"start":{"line":422,"column":10},"end":{"line":422,"column":68}},"130":{"start":{"line":423,"column":10},"end":{"line":426,"column":12}},"131":{"start":{"line":430,"column":27},"end":{"line":430,"column":60}},"132":{"start":{"line":431,"column":8},"end":{"line":437,"column":9}},"133":{"start":{"line":432,"column":10},"end":{"line":432,"column":90}},"134":{"start":{"line":433,"column":10},"end":{"line":436,"column":12}},"135":{"start":{"line":440,"column":24},"end":{"line":444,"column":9}},"136":{"start":{"line":447,"column":29},"end":{"line":456,"column":10}},"137":{"start":{"line":448,"column":10},"end":{"line":454,"column":11}},"138":{"start":{"line":449,"column":12},"end":{"line":453,"column":14}},"139":{"start":{"line":455,"column":10},"end":{"line":455,"column":19}},"140":{"start":{"line":458,"column":8},"end":{"line":458,"column":37}},"141":{"start":{"line":461,"column":8},"end":{"line":461,"column":35}},"142":{"start":{"line":463,"column":8},"end":{"line":463,"column":98}},"143":{"start":{"line":464,"column":8},"end":{"line":464,"column":33}},"144":{"start":{"line":466,"column":8},"end":{"line":466,"column":69}},"145":{"start":{"line":467,"column":8},"end":{"line":470,"column":10}},"146":{"start":{"line":478,"column":6},"end":{"line":515,"column":7}},"147":{"start":{"line":479,"column":8},"end":{"line":479,"column":68}},"148":{"start":{"line":481,"column":26},"end":{"line":481,"column":31}},"149":{"start":{"line":484,"column":29},"end":{"line":500,"column":10}},"150":{"start":{"line":485,"column":10},"end":{"line":498,"column":11}},"151":{"start":{"line":486,"column":33},"end":{"line":491,"column":14}},"152":{"start":{"line":487,"column":14},"end":{"line":489,"column":15}},"153":{"start":{"line":488,"column":16},"end":{"line":488,"column":53}},"154":{"start":{"line":490,"column":14},"end":{"line":490,"column":26}},"155":{"start":{"line":493,"column":12},"end":{"line":497,"column":14}},"156":{"start":{"line":499,"column":10},"end":{"line":499,"column":22}},"157":{"start":{"line":502,"column":8},"end":{"line":502,"column":37}},"158":{"start":{"line":505,"column":8},"end":{"line":505,"column":35}},"159":{"start":{"line":508,"column":8},"end":{"line":510,"column":11}},"160":{"start":{"line":509,"column":10},"end":{"line":509,"column":60}},"161":{"start":{"line":512,"column":8},"end":{"line":512,"column":67}},"162":{"start":{"line":514,"column":8},"end":{"line":514,"column":72}},"163":{"start":{"line":522,"column":6},"end":{"line":570,"column":7}},"164":{"start":{"line":523,"column":8},"end":{"line":523,"column":78}},"165":{"start":{"line":526,"column":32},"end":{"line":526,"column":55}},"166":{"start":{"line":527,"column":8},"end":{"line":533,"column":9}},"167":{"start":{"line":528,"column":10},"end":{"line":528,"column":88}},"168":{"start":{"line":529,"column":10},"end":{"line":532,"column":12}},"169":{"start":{"line":535,"column":26},"end":{"line":535,"column":31}},"170":{"start":{"line":536,"column":32},"end":{"line":536,"column":56}},"171":{"start":{"line":539,"column":29},"end":{"line":555,"column":10}},"172":{"start":{"line":540,"column":10},"end":{"line":553,"column":11}},"173":{"start":{"line":541,"column":33},"end":{"line":546,"column":14}},"174":{"start":{"line":542,"column":14},"end":{"line":544,"column":15}},"175":{"start":{"line":543,"column":16},"end":{"line":543,"column":59}},"176":{"start":{"line":545,"column":14},"end":{"line":545,"column":26}},"177":{"start":{"line":548,"column":12},"end":{"line":552,"column":14}},"178":{"start":{"line":554,"column":10},"end":{"line":554,"column":22}},"179":{"start":{"line":557,"column":8},"end":{"line":557,"column":37}},"180":{"start":{"line":560,"column":8},"end":{"line":560,"column":35}},"181":{"start":{"line":562,"column":8},"end":{"line":562,"column":93}},"182":{"start":{"line":563,"column":8},"end":{"line":563,"column":33}},"183":{"start":{"line":565,"column":8},"end":{"line":565,"column":72}},"184":{"start":{"line":566,"column":8},"end":{"line":569,"column":10}},"185":{"start":{"line":577,"column":6},"end":{"line":604,"column":7}},"186":{"start":{"line":578,"column":8},"end":{"line":578,"column":68}},"187":{"start":{"line":580,"column":26},"end":{"line":580,"column":31}},"188":{"start":{"line":583,"column":29},"end":{"line":594,"column":10}},"189":{"start":{"line":584,"column":10},"end":{"line":592,"column":11}},"190":{"start":{"line":585,"column":33},"end":{"line":585,"column":80}},"191":{"start":{"line":585,"column":61},"end":{"line":585,"column":79}},"192":{"start":{"line":587,"column":12},"end":{"line":591,"column":14}},"193":{"start":{"line":593,"column":10},"end":{"line":593,"column":22}},"194":{"start":{"line":596,"column":8},"end":{"line":596,"column":37}},"195":{"start":{"line":599,"column":8},"end":{"line":599,"column":35}},"196":{"start":{"line":601,"column":8},"end":{"line":601,"column":66}},"197":{"start":{"line":603,"column":8},"end":{"line":603,"column":72}},"198":{"start":{"line":616,"column":6},"end":{"line":634,"column":7}},"199":{"start":{"line":617,"column":8},"end":{"line":617,"column":43}},"200":{"start":{"line":620,"column":8},"end":{"line":620,"column":30}},"201":{"start":{"line":622,"column":26},"end":{"line":622,"column":31}},"202":{"start":{"line":624,"column":33},"end":{"line":627,"column":9}},"203":{"start":{"line":629,"column":8},"end":{"line":629,"column":35}},"204":{"start":{"line":630,"column":8},"end":{"line":630,"column":61}},"205":{"start":{"line":632,"column":8},"end":{"line":632,"column":67}},"206":{"start":{"line":633,"column":8},"end":{"line":633,"column":41}},"207":{"start":{"line":648,"column":2},"end":{"line":648,"column":54}},"208":{"start":{"line":650,"column":2},"end":{"line":657,"column":3}},"209":{"start":{"line":651,"column":4},"end":{"line":651,"column":63}},"210":{"start":{"line":653,"column":18},"end":{"line":653,"column":41}},"211":{"start":{"line":654,"column":4},"end":{"line":656,"column":7}},"212":{"start":{"line":655,"column":6},"end":{"line":655,"column":58}},"213":{"start":{"line":669,"column":2},"end":{"line":669,"column":41}},"214":{"start":{"line":672,"column":2},"end":{"line":675,"column":3}},"215":{"start":{"line":673,"column":4},"end":{"line":673,"column":30}},"216":{"start":{"line":674,"column":4},"end":{"line":674,"column":28}},"217":{"start":{"line":678,"column":2},"end":{"line":678,"column":24}},"218":{"start":{"line":681,"column":2},"end":{"line":681,"column":55}},"219":{"start":{"line":681,"column":34},"end":{"line":681,"column":53}},"220":{"start":{"line":682,"column":2},"end":{"line":682,"column":23}},"221":{"start":{"line":684,"column":2},"end":{"line":684,"column":46}}},"fnMap":{"0":{"name":"(anonymous_0)","decl":{"start":{"line":73,"column":2},"end":{"line":73,"column":3}},"loc":{"start":{"line":73,"column":27},"end":{"line":98,"column":3}},"line":73},"1":{"name":"(anonymous_1)","decl":{"start":{"line":113,"column":46},"end":{"line":113,"column":47}},"loc":{"start":{"line":113,"column":60},"end":{"line":637,"column":1}},"line":113},"2":{"name":"(anonymous_2)","decl":{"start":{"line":120,"column":16},"end":{"line":120,"column":17}},"loc":{"start":{"line":120,"column":28},"end":{"line":120,"column":30}},"line":120},"3":{"name":"(anonymous_3)","decl":{"start":{"line":121,"column":13},"end":{"line":121,"column":14}},"loc":{"start":{"line":121,"column":26},"end":{"line":121,"column":44}},"line":121},"4":{"name":"(anonymous_4)","decl":{"start":{"line":122,"column":21},"end":{"line":122,"column":22}},"loc":{"start":{"line":122,"column":34},"end":{"line":122,"column":52}},"line":122},"5":{"name":"(anonymous_5)","decl":{"start":{"line":123,"column":16},"end":{"line":123,"column":17}},"loc":{"start":{"line":123,"column":28},"end":{"line":123,"column":30}},"line":123},"6":{"name":"(anonymous_6)","decl":{"start":{"line":124,"column":20},"end":{"line":124,"column":21}},"loc":{"start":{"line":124,"column":26},"end":{"line":124,"column":28}},"line":124},"7":{"name":"(anonymous_7)","decl":{"start":{"line":125,"column":13},"end":{"line":125,"column":14}},"loc":{"start":{"line":125,"column":19},"end":{"line":125,"column":28}},"line":125},"8":{"name":"(anonymous_8)","decl":{"start":{"line":126,"column":22},"end":{"line":126,"column":23}},"loc":{"start":{"line":126,"column":35},"end":{"line":126,"column":53}},"line":126},"9":{"name":"(anonymous_9)","decl":{"start":{"line":127,"column":25},"end":{"line":127,"column":26}},"loc":{"start":{"line":127,"column":31},"end":{"line":127,"column":33}},"line":127},"10":{"name":"(anonymous_10)","decl":{"start":{"line":128,"column":25},"end":{"line":128,"column":26}},"loc":{"start":{"line":128,"column":38},"end":{"line":128,"column":56}},"line":128},"11":{"name":"(anonymous_11)","decl":{"start":{"line":129,"column":25},"end":{"line":129,"column":26}},"loc":{"start":{"line":129,"column":31},"end":{"line":129,"column":33}},"line":129},"12":{"name":"(anonymous_12)","decl":{"start":{"line":130,"column":21},"end":{"line":130,"column":22}},"loc":{"start":{"line":130,"column":33},"end":{"line":130,"column":35}},"line":130},"13":{"name":"(anonymous_13)","decl":{"start":{"line":145,"column":16},"end":{"line":145,"column":17}},"loc":{"start":{"line":145,"column":28},"end":{"line":177,"column":5}},"line":145},"14":{"name":"(anonymous_14)","decl":{"start":{"line":186,"column":13},"end":{"line":186,"column":14}},"loc":{"start":{"line":186,"column":38},"end":{"line":239,"column":5}},"line":186},"15":{"name":"(anonymous_15)","decl":{"start":{"line":244,"column":21},"end":{"line":244,"column":22}},"loc":{"start":{"line":244,"column":65},"end":{"line":287,"column":5}},"line":244},"16":{"name":"(anonymous_16)","decl":{"start":{"line":262,"column":39},"end":{"line":262,"column":40}},"loc":{"start":{"line":262,"column":49},"end":{"line":271,"column":9}},"line":262},"17":{"name":"(anonymous_17)","decl":{"start":{"line":292,"column":16},"end":{"line":292,"column":17}},"loc":{"start":{"line":292,"column":42},"end":{"line":343,"column":5}},"line":292},"18":{"name":"(anonymous_18)","decl":{"start":{"line":299,"column":40},"end":{"line":299,"column":41}},"loc":{"start":{"line":299,"column":50},"end":{"line":299,"column":68}},"line":299},"19":{"name":"(anonymous_19)","decl":{"start":{"line":306,"column":42},"end":{"line":306,"column":43}},"loc":{"start":{"line":306,"column":52},"end":{"line":306,"column":70}},"line":306},"20":{"name":"(anonymous_20)","decl":{"start":{"line":324,"column":39},"end":{"line":324,"column":40}},"loc":{"start":{"line":324,"column":45},"end":{"line":332,"column":9}},"line":324},"21":{"name":"(anonymous_21)","decl":{"start":{"line":328,"column":58},"end":{"line":328,"column":59}},"loc":{"start":{"line":328,"column":66},"end":{"line":328,"column":82}},"line":328},"22":{"name":"(anonymous_22)","decl":{"start":{"line":348,"column":20},"end":{"line":348,"column":21}},"loc":{"start":{"line":348,"column":40},"end":{"line":386,"column":5}},"line":348},"23":{"name":"(anonymous_23)","decl":{"start":{"line":355,"column":46},"end":{"line":355,"column":47}},"loc":{"start":{"line":355,"column":54},"end":{"line":355,"column":70}},"line":355},"24":{"name":"(anonymous_24)","decl":{"start":{"line":372,"column":56},"end":{"line":372,"column":57}},"loc":{"start":{"line":372,"column":64},"end":{"line":372,"column":80}},"line":372},"25":{"name":"(anonymous_25)","decl":{"start":{"line":391,"column":13},"end":{"line":391,"column":14}},"loc":{"start":{"line":391,"column":33},"end":{"line":394,"column":5}},"line":391},"26":{"name":"(anonymous_26)","decl":{"start":{"line":393,"column":24},"end":{"line":393,"column":25}},"loc":{"start":{"line":393,"column":34},"end":{"line":393,"column":52}},"line":393},"27":{"name":"(anonymous_27)","decl":{"start":{"line":403,"column":22},"end":{"line":403,"column":23}},"loc":{"start":{"line":403,"column":67},"end":{"line":472,"column":5}},"line":403},"28":{"name":"(anonymous_28)","decl":{"start":{"line":420,"column":32},"end":{"line":420,"column":33}},"loc":{"start":{"line":420,"column":39},"end":{"line":420,"column":54}},"line":420},"29":{"name":"(anonymous_29)","decl":{"start":{"line":447,"column":39},"end":{"line":447,"column":40}},"loc":{"start":{"line":447,"column":46},"end":{"line":456,"column":9}},"line":447},"30":{"name":"(anonymous_30)","decl":{"start":{"line":477,"column":25},"end":{"line":477,"column":26}},"loc":{"start":{"line":477,"column":61},"end":{"line":516,"column":5}},"line":477},"31":{"name":"(anonymous_31)","decl":{"start":{"line":484,"column":39},"end":{"line":484,"column":40}},"loc":{"start":{"line":484,"column":49},"end":{"line":500,"column":9}},"line":484},"32":{"name":"(anonymous_32)","decl":{"start":{"line":486,"column":48},"end":{"line":486,"column":49}},"loc":{"start":{"line":486,"column":58},"end":{"line":491,"column":13}},"line":486},"33":{"name":"(anonymous_33)","decl":{"start":{"line":508,"column":69},"end":{"line":508,"column":70}},"loc":{"start":{"line":508,"column":80},"end":{"line":510,"column":9}},"line":508},"34":{"name":"(anonymous_34)","decl":{"start":{"line":521,"column":25},"end":{"line":521,"column":26}},"loc":{"start":{"line":521,"column":85},"end":{"line":571,"column":5}},"line":521},"35":{"name":"(anonymous_35)","decl":{"start":{"line":539,"column":39},"end":{"line":539,"column":40}},"loc":{"start":{"line":539,"column":49},"end":{"line":555,"column":9}},"line":539},"36":{"name":"(anonymous_36)","decl":{"start":{"line":541,"column":48},"end":{"line":541,"column":49}},"loc":{"start":{"line":541,"column":58},"end":{"line":546,"column":13}},"line":541},"37":{"name":"(anonymous_37)","decl":{"start":{"line":576,"column":25},"end":{"line":576,"column":26}},"loc":{"start":{"line":576,"column":61},"end":{"line":605,"column":5}},"line":576},"38":{"name":"(anonymous_38)","decl":{"start":{"line":583,"column":39},"end":{"line":583,"column":40}},"loc":{"start":{"line":583,"column":49},"end":{"line":594,"column":9}},"line":583},"39":{"name":"(anonymous_39)","decl":{"start":{"line":585,"column":51},"end":{"line":585,"column":52}},"loc":{"start":{"line":585,"column":61},"end":{"line":585,"column":79}},"line":585},"40":{"name":"(anonymous_40)","decl":{"start":{"line":615,"column":21},"end":{"line":615,"column":22}},"loc":{"start":{"line":615,"column":33},"end":{"line":635,"column":5}},"line":615},"41":{"name":"handleAppStateChange","decl":{"start":{"line":647,"column":9},"end":{"line":647,"column":29}},"loc":{"start":{"line":647,"column":60},"end":{"line":658,"column":1}},"line":647},"42":{"name":"(anonymous_42)","decl":{"start":{"line":654,"column":34},"end":{"line":654,"column":35}},"loc":{"start":{"line":654,"column":45},"end":{"line":656,"column":5}},"line":654},"43":{"name":"cleanupTaskStore","decl":{"start":{"line":668,"column":16},"end":{"line":668,"column":32}},"loc":{"start":{"line":668,"column":35},"end":{"line":685,"column":1}},"line":668},"44":{"name":"(anonymous_44)","decl":{"start":{"line":681,"column":23},"end":{"line":681,"column":24}},"loc":{"start":{"line":681,"column":34},"end":{"line":681,"column":53}},"line":681}},"branchMap":{"0":{"loc":{"start":{"line":74,"column":4},"end":{"line":77,"column":5}},"type":"if","locations":[{"start":{"line":74,"column":4},"end":{"line":77,"column":5}},{"start":{},"end":{}}],"line":74},"1":{"loc":{"start":{"line":93,"column":6},"end":{"line":96,"column":7}},"type":"if","locations":[{"start":{"line":93,"column":6},"end":{"line":96,"column":7}},{"start":{},"end":{}}],"line":93},"2":{"loc":{"start":{"line":192,"column":8},"end":{"line":198,"column":9}},"type":"if","locations":[{"start":{"line":192,"column":8},"end":{"line":198,"column":9}},{"start":{},"end":{}}],"line":192},"3":{"loc":{"start":{"line":196,"column":19},"end":{"line":196,"column":59}},"type":"binary-expr","locations":[{"start":{"line":196,"column":19},"end":{"line":196,"column":40}},{"start":{"line":196,"column":44},"end":{"line":196,"column":59}}],"line":196},"4":{"loc":{"start":{"line":204,"column":8},"end":{"line":210,"column":9}},"type":"if","locations":[{"start":{"line":204,"column":8},"end":{"line":210,"column":9}},{"start":{},"end":{}}],"line":204},"5":{"loc":{"start":{"line":208,"column":19},"end":{"line":208,"column":58}},"type":"binary-expr","locations":[{"start":{"line":208,"column":19},"end":{"line":208,"column":35}},{"start":{"line":208,"column":39},"end":{"line":208,"column":58}}],"line":208},"6":{"loc":{"start":{"line":250,"column":8},"end":{"line":256,"column":9}},"type":"if","locations":[{"start":{"line":250,"column":8},"end":{"line":256,"column":9}},{"start":{},"end":{}}],"line":250},"7":{"loc":{"start":{"line":254,"column":19},"end":{"line":254,"column":59}},"type":"binary-expr","locations":[{"start":{"line":254,"column":19},"end":{"line":254,"column":40}},{"start":{"line":254,"column":44},"end":{"line":254,"column":59}}],"line":254},"8":{"loc":{"start":{"line":263,"column":10},"end":{"line":269,"column":11}},"type":"if","locations":[{"start":{"line":263,"column":10},"end":{"line":269,"column":11}},{"start":{},"end":{}}],"line":263},"9":{"loc":{"start":{"line":300,"column":8},"end":{"line":303,"column":9}},"type":"if","locations":[{"start":{"line":300,"column":8},"end":{"line":303,"column":9}},{"start":{},"end":{}}],"line":300},"10":{"loc":{"start":{"line":356,"column":8},"end":{"line":359,"column":9}},"type":"if","locations":[{"start":{"line":356,"column":8},"end":{"line":359,"column":9}},{"start":{},"end":{}}],"line":356},"11":{"loc":{"start":{"line":363,"column":8},"end":{"line":366,"column":9}},"type":"if","locations":[{"start":{"line":363,"column":8},"end":{"line":366,"column":9}},{"start":{},"end":{}}],"line":363},"12":{"loc":{"start":{"line":409,"column":8},"end":{"line":415,"column":9}},"type":"if","locations":[{"start":{"line":409,"column":8},"end":{"line":415,"column":9}},{"start":{},"end":{}}],"line":409},"13":{"loc":{"start":{"line":413,"column":19},"end":{"line":413,"column":59}},"type":"binary-expr","locations":[{"start":{"line":413,"column":19},"end":{"line":413,"column":40}},{"start":{"line":413,"column":44},"end":{"line":413,"column":59}}],"line":413},"14":{"loc":{"start":{"line":421,"column":8},"end":{"line":427,"column":9}},"type":"if","locations":[{"start":{"line":421,"column":8},"end":{"line":427,"column":9}},{"start":{},"end":{}}],"line":421},"15":{"loc":{"start":{"line":431,"column":8},"end":{"line":437,"column":9}},"type":"if","locations":[{"start":{"line":431,"column":8},"end":{"line":437,"column":9}},{"start":{},"end":{}}],"line":431},"16":{"loc":{"start":{"line":435,"column":19},"end":{"line":435,"column":57}},"type":"binary-expr","locations":[{"start":{"line":435,"column":19},"end":{"line":435,"column":35}},{"start":{"line":435,"column":39},"end":{"line":435,"column":57}}],"line":435},"17":{"loc":{"start":{"line":448,"column":10},"end":{"line":454,"column":11}},"type":"if","locations":[{"start":{"line":448,"column":10},"end":{"line":454,"column":11}},{"start":{},"end":{}}],"line":448},"18":{"loc":{"start":{"line":485,"column":10},"end":{"line":498,"column":11}},"type":"if","locations":[{"start":{"line":485,"column":10},"end":{"line":498,"column":11}},{"start":{},"end":{}}],"line":485},"19":{"loc":{"start":{"line":487,"column":14},"end":{"line":489,"column":15}},"type":"if","locations":[{"start":{"line":487,"column":14},"end":{"line":489,"column":15}},{"start":{},"end":{}}],"line":487},"20":{"loc":{"start":{"line":527,"column":8},"end":{"line":533,"column":9}},"type":"if","locations":[{"start":{"line":527,"column":8},"end":{"line":533,"column":9}},{"start":{},"end":{}}],"line":527},"21":{"loc":{"start":{"line":531,"column":19},"end":{"line":531,"column":59}},"type":"binary-expr","locations":[{"start":{"line":531,"column":19},"end":{"line":531,"column":40}},{"start":{"line":531,"column":44},"end":{"line":531,"column":59}}],"line":531},"22":{"loc":{"start":{"line":540,"column":10},"end":{"line":553,"column":11}},"type":"if","locations":[{"start":{"line":540,"column":10},"end":{"line":553,"column":11}},{"start":{},"end":{}}],"line":540},"23":{"loc":{"start":{"line":542,"column":14},"end":{"line":544,"column":15}},"type":"if","locations":[{"start":{"line":542,"column":14},"end":{"line":544,"column":15}},{"start":{},"end":{}}],"line":542},"24":{"loc":{"start":{"line":584,"column":10},"end":{"line":592,"column":11}},"type":"if","locations":[{"start":{"line":584,"column":10},"end":{"line":592,"column":11}},{"start":{},"end":{}}],"line":584},"25":{"loc":{"start":{"line":650,"column":2},"end":{"line":657,"column":3}},"type":"if","locations":[{"start":{"line":650,"column":2},"end":{"line":657,"column":3}},{"start":{},"end":{}}],"line":650},"26":{"loc":{"start":{"line":650,"column":6},"end":{"line":650,"column":66}},"type":"binary-expr","locations":[{"start":{"line":650,"column":6},"end":{"line":650,"column":35}},{"start":{"line":650,"column":39},"end":{"line":650,"column":66}}],"line":650},"27":{"loc":{"start":{"line":672,"column":2},"end":{"line":675,"column":3}},"type":"if","locations":[{"start":{"line":672,"column":2},"end":{"line":675,"column":3}},{"start":{},"end":{}}],"line":672}},"s":{"0":1,"1":1,"2":1,"3":19,"4":0,"5":0,"6":19,"7":19,"8":19,"9":19,"10":19,"11":0,"12":0,"13":0,"14":1,"15":1,"16":1,"17":0,"18":0,"19":0,"20":0,"21":0,"22":1,"23":4,"24":4,"25":4,"26":4,"27":4,"28":4,"29":4,"30":4,"31":0,"32":0,"33":4,"34":4,"35":4,"36":7,"37":7,"38":7,"39":7,"40":2,"41":2,"42":5,"43":5,"44":5,"45":1,"46":1,"47":4,"48":4,"49":4,"50":4,"51":4,"52":4,"53":4,"54":0,"55":0,"56":3,"57":3,"58":3,"59":3,"60":1,"61":1,"62":2,"63":2,"64":2,"65":2,"66":2,"67":0,"68":2,"69":2,"70":2,"71":2,"72":0,"73":0,"74":3,"75":3,"76":3,"77":3,"78":3,"79":3,"80":1,"81":1,"82":2,"83":2,"84":2,"85":2,"86":2,"87":2,"88":0,"89":0,"90":0,"91":0,"92":0,"93":0,"94":2,"95":2,"96":0,"97":3,"98":3,"99":3,"100":3,"101":2,"102":3,"103":1,"104":1,"105":2,"106":2,"107":1,"108":1,"109":2,"110":2,"111":2,"112":2,"113":2,"114":2,"115":0,"116":2,"117":2,"118":1,"119":5,"120":5,"121":5,"122":5,"123":1,"124":1,"125":4,"126":4,"127":3,"128":4,"129":1,"130":1,"131":3,"132":3,"133":1,"134":1,"135":2,"136":2,"137":2,"138":2,"139":0,"140":2,"141":2,"142":2,"143":2,"144":0,"145":0,"146":4,"147":4,"148":4,"149":4,"150":4,"151":4,"152":4,"153":4,"154":0,"155":4,"156":0,"157":4,"158":4,"159":4,"160":0,"161":4,"162":0,"163":2,"164":2,"165":2,"166":2,"167":1,"168":1,"169":1,"170":1,"171":1,"172":1,"173":1,"174":1,"175":1,"176":0,"177":1,"178":0,"179":1,"180":1,"181":1,"182":1,"183":0,"184":0,"185":2,"186":2,"187":2,"188":2,"189":2,"190":2,"191":3,"192":2,"193":0,"194":2,"195":2,"196":2,"197":0,"198":2,"199":2,"200":2,"201":2,"202":2,"203":2,"204":1,"205":1,"206":1,"207":0,"208":0,"209":0,"210":0,"211":0,"212":0,"213":0,"214":0,"215":0,"216":0,"217":0,"218":0,"219":0,"220":0,"221":0},"f":{"0":19,"1":1,"2":0,"3":0,"4":0,"5":0,"6":0,"7":0,"8":0,"9":0,"10":0,"11":0,"12":0,"13":4,"14":7,"15":3,"16":2,"17":3,"18":3,"19":2,"20":0,"21":0,"22":3,"23":2,"24":2,"25":2,"26":1,"27":5,"28":3,"29":2,"30":4,"31":4,"32":4,"33":0,"34":2,"35":1,"36":1,"37":2,"38":2,"39":3,"40":2,"41":0,"42":0,"43":0,"44":0},"b":{"0":[0,19],"1":[0,0],"2":[2,5],"3":[2,0],"4":[1,4],"5":[1,0],"6":[1,2],"7":[1,0],"8":[2,0],"9":[1,2],"10":[1,2],"11":[1,1],"12":[1,4],"13":[1,0],"14":[1,3],"15":[1,2],"16":[1,0],"17":[2,0],"18":[4,0],"19":[4,0],"20":[1,1],"21":[1,0],"22":[1,0],"23":[1,0],"24":[2,0],"25":[0,0],"26":[0,0],"27":[0,0]},"_coverageSchema":"1a1c01bbd47fc00a2c39e90264f33305004495a9","hash":"137706ec4bdb55f0ae47d81f6773fac834e6556b"}
,"C:\\Users\\jaeyun\\Desktop\\projects\\taskmanager-mobile\\src\\utils\\errors.ts": {"path":"C:\\Users\\jaeyun\\Desktop\\projects\\taskmanager-mobile\\src\\utils\\errors.ts","statementMap":{"0":{"start":{"line":32,"column":46},"end":{"line":56,"column":3}},"1":{"start":{"line":58,"column":2},"end":{"line":58,"column":60}},"2":{"start":{"line":108,"column":23},"end":{"line":108,"column":62}},"3":{"start":{"line":111,"column":62},"end":{"line":135,"column":3}},"4":{"start":{"line":137,"column":29},"end":{"line":142,"column":3}},"5":{"start":{"line":144,"column":2},"end":{"line":144,"column":18}},"6":{"start":{"line":163,"column":2},"end":{"line":171,"column":3}},"7":{"start":{"line":164,"column":4},"end":{"line":164,"column":64}},"8":{"start":{"line":165,"column":4},"end":{"line":167,"column":5}},"9":{"start":{"line":166,"column":6},"end":{"line":166,"column":57}},"10":{"start":{"line":168,"column":4},"end":{"line":170,"column":5}},"11":{"start":{"line":169,"column":6},"end":{"line":169,"column":60}},"12":{"start":{"line":194,"column":2},"end":{"line":200,"column":4}},"13":{"start":{"line":230,"column":2},"end":{"line":232,"column":3}},"14":{"start":{"line":231,"column":4},"end":{"line":231,"column":17}},"15":{"start":{"line":235,"column":2},"end":{"line":237,"column":3}},"16":{"start":{"line":236,"column":4},"end":{"line":236,"column":67}},"17":{"start":{"line":240,"column":2},"end":{"line":242,"column":3}},"18":{"start":{"line":241,"column":4},"end":{"line":241,"column":52}},"19":{"start":{"line":245,"column":2},"end":{"line":245,"column":43}}},"fnMap":{"0":{"name":"getUserFriendlyMessage","decl":{"start":{"line":31,"column":16},"end":{"line":31,"column":38}},"loc":{"start":{"line":31,"column":69},"end":{"line":59,"column":1}},"line":31},"1":{"name":"createAppError","decl":{"start":{"line":102,"column":16},"end":{"line":102,"column":30}},"loc":{"start":{"line":106,"column":12},"end":{"line":145,"column":1}},"line":106},"2":{"name":"logAppError","decl":{"start":{"line":162,"column":16},"end":{"line":162,"column":27}},"loc":{"start":{"line":162,"column":51},"end":{"line":172,"column":1}},"line":162},"3":{"name":"isAppError","decl":{"start":{"line":193,"column":16},"end":{"line":193,"column":26}},"loc":{"start":{"line":193,"column":58},"end":{"line":201,"column":1}},"line":193},"4":{"name":"toAppError","decl":{"start":{"line":228,"column":16},"end":{"line":228,"column":26}},"loc":{"start":{"line":228,"column":53},"end":{"line":246,"column":1}},"line":228}},"branchMap":{"0":{"loc":{"start":{"line":58,"column":9},"end":{"line":58,"column":59}},"type":"binary-expr","locations":[{"start":{"line":58,"column":9},"end":{"line":58,"column":28}},{"start":{"line":58,"column":32},"end":{"line":58,"column":59}}],"line":58},"1":{"loc":{"start":{"line":108,"column":23},"end":{"line":108,"column":62}},"type":"binary-expr","locations":[{"start":{"line":108,"column":23},"end":{"line":108,"column":30}},{"start":{"line":108,"column":34},"end":{"line":108,"column":62}}],"line":108},"2":{"loc":{"start":{"line":163,"column":2},"end":{"line":171,"column":3}},"type":"if","locations":[{"start":{"line":163,"column":2},"end":{"line":171,"column":3}},{"start":{},"end":{}}],"line":163},"3":{"loc":{"start":{"line":165,"column":4},"end":{"line":167,"column":5}},"type":"if","locations":[{"start":{"line":165,"column":4},"end":{"line":167,"column":5}},{"start":{},"end":{}}],"line":165},"4":{"loc":{"start":{"line":168,"column":4},"end":{"line":170,"column":5}},"type":"if","locations":[{"start":{"line":168,"column":4},"end":{"line":170,"column":5}},{"start":{},"end":{}}],"line":168},"5":{"loc":{"start":{"line":195,"column":4},"end":{"line":199,"column":49}},"type":"binary-expr","locations":[{"start":{"line":195,"column":4},"end":{"line":195,"column":9}},{"start":{"line":196,"column":4},"end":{"line":196,"column":29}},{"start":{"line":197,"column":4},"end":{"line":197,"column":19}},{"start":{"line":198,"column":4},"end":{"line":198,"column":22}},{"start":{"line":199,"column":4},"end":{"line":199,"column":49}}],"line":195},"6":{"loc":{"start":{"line":230,"column":2},"end":{"line":232,"column":3}},"type":"if","locations":[{"start":{"line":230,"column":2},"end":{"line":232,"column":3}},{"start":{},"end":{}}],"line":230},"7":{"loc":{"start":{"line":235,"column":2},"end":{"line":237,"column":3}},"type":"if","locations":[{"start":{"line":235,"column":2},"end":{"line":237,"column":3}},{"start":{},"end":{}}],"line":235},"8":{"loc":{"start":{"line":240,"column":2},"end":{"line":242,"column":3}},"type":"if","locations":[{"start":{"line":240,"column":2},"end":{"line":242,"column":3}},{"start":{},"end":{}}],"line":240}},"s":{"0":0,"1":0,"2":4,"3":4,"4":4,"5":4,"6":4,"7":4,"8":4,"9":4,"10":4,"11":4,"12":0,"13":0,"14":0,"15":0,"16":0,"17":0,"18":0,"19":0},"f":{"0":0,"1":4,"2":4,"3":0,"4":0},"b":{"0":[0,0],"1":[4,0],"2":[4,0],"3":[4,0],"4":[4,0],"5":[0,0,0,0,0],"6":[0,0],"7":[0,0],"8":[0,0]},"_coverageSchema":"1a1c01bbd47fc00a2c39e90264f33305004495a9","hash":"4b02eef0806be6bef78dcc5ba539e57fad4f45ee"}
,"C:\\Users\\jaeyun\\Desktop\\projects\\taskmanager-mobile\\src\\utils\\logger.ts": {"path":"C:\\Users\\jaeyun\\Desktop\\projects\\taskmanager-mobile\\src\\utils\\logger.ts","statementMap":{"0":{"start":{"line":11,"column":15},"end":{"line":20,"column":1}},"1":{"start":{"line":47,"column":2},"end":{"line":49,"column":3}},"2":{"start":{"line":48,"column":4},"end":{"line":48,"column":11}},"3":{"start":{"line":51,"column":2},"end":{"line":51,"column":36}},"4":{"start":{"line":52,"column":2},"end":{"line":54,"column":3}},"5":{"start":{"line":53,"column":4},"end":{"line":53,"column":22}},"6":{"start":{"line":87,"column":2},"end":{"line":89,"column":3}},"7":{"start":{"line":88,"column":4},"end":{"line":88,"column":11}},"8":{"start":{"line":91,"column":2},"end":{"line":91,"column":38}},"9":{"start":{"line":92,"column":2},"end":{"line":94,"column":3}},"10":{"start":{"line":93,"column":4},"end":{"line":93,"column":25}},"11":{"start":{"line":139,"column":2},"end":{"line":141,"column":3}},"12":{"start":{"line":140,"column":4},"end":{"line":140,"column":11}},"13":{"start":{"line":143,"column":24},"end":{"line":143,"column":41}},"14":{"start":{"line":144,"column":26},"end":{"line":144,"column":62}},"15":{"start":{"line":146,"column":2},"end":{"line":152,"column":3}},"16":{"start":{"line":147,"column":4},"end":{"line":149,"column":6}},"17":{"start":{"line":151,"column":4},"end":{"line":151,"column":62}},"18":{"start":{"line":176,"column":2},"end":{"line":176,"column":36}},"19":{"start":{"line":177,"column":2},"end":{"line":179,"column":3}},"20":{"start":{"line":178,"column":4},"end":{"line":178,"column":23}},"21":{"start":{"line":203,"column":2},"end":{"line":203,"column":36}},"22":{"start":{"line":204,"column":2},"end":{"line":206,"column":3}},"23":{"start":{"line":205,"column":4},"end":{"line":205,"column":23}},"24":{"start":{"line":237,"column":20},"end":{"line":237,"column":30}},"25":{"start":{"line":239,"column":2},"end":{"line":245,"column":4}},"26":{"start":{"line":241,"column":22},"end":{"line":241,"column":32}},"27":{"start":{"line":242,"column":23},"end":{"line":242,"column":42}},"28":{"start":{"line":243,"column":6},"end":{"line":243,"column":38}},"29":{"start":{"line":254,"column":22},"end":{"line":284,"column":1}}},"fnMap":{"0":{"name":"debug","decl":{"start":{"line":46,"column":9},"end":{"line":46,"column":14}},"loc":{"start":{"line":46,"column":50},"end":{"line":55,"column":1}},"line":46},"1":{"name":"error","decl":{"start":{"line":86,"column":9},"end":{"line":86,"column":14}},"loc":{"start":{"line":86,"column":53},"end":{"line":100,"column":1}},"line":86},"2":{"name":"logPerformance","decl":{"start":{"line":138,"column":9},"end":{"line":138,"column":23}},"loc":{"start":{"line":138,"column":61},"end":{"line":153,"column":1}},"line":138},"3":{"name":"info","decl":{"start":{"line":175,"column":9},"end":{"line":175,"column":13}},"loc":{"start":{"line":175,"column":49},"end":{"line":180,"column":1}},"line":175},"4":{"name":"warn","decl":{"start":{"line":202,"column":9},"end":{"line":202,"column":13}},"loc":{"start":{"line":202,"column":49},"end":{"line":207,"column":1}},"line":202},"5":{"name":"startTimer","decl":{"start":{"line":236,"column":9},"end":{"line":236,"column":19}},"loc":{"start":{"line":236,"column":56},"end":{"line":246,"column":1}},"line":236},"6":{"name":"(anonymous_6)","decl":{"start":{"line":240,"column":9},"end":{"line":240,"column":10}},"loc":{"start":{"line":240,"column":15},"end":{"line":244,"column":5}},"line":240}},"branchMap":{"0":{"loc":{"start":{"line":47,"column":2},"end":{"line":49,"column":3}},"type":"if","locations":[{"start":{"line":47,"column":2},"end":{"line":49,"column":3}},{"start":{},"end":{}}],"line":47},"1":{"loc":{"start":{"line":52,"column":2},"end":{"line":54,"column":3}},"type":"if","locations":[{"start":{"line":52,"column":2},"end":{"line":54,"column":3}},{"start":{},"end":{}}],"line":52},"2":{"loc":{"start":{"line":87,"column":2},"end":{"line":89,"column":3}},"type":"if","locations":[{"start":{"line":87,"column":2},"end":{"line":89,"column":3}},{"start":{},"end":{}}],"line":87},"3":{"loc":{"start":{"line":92,"column":2},"end":{"line":94,"column":3}},"type":"if","locations":[{"start":{"line":92,"column":2},"end":{"line":94,"column":3}},{"start":{},"end":{}}],"line":92},"4":{"loc":{"start":{"line":139,"column":2},"end":{"line":141,"column":3}},"type":"if","locations":[{"start":{"line":139,"column":2},"end":{"line":141,"column":3}},{"start":{},"end":{}}],"line":139},"5":{"loc":{"start":{"line":146,"column":2},"end":{"line":152,"column":3}},"type":"if","locations":[{"start":{"line":146,"column":2},"end":{"line":152,"column":3}},{"start":{"line":150,"column":9},"end":{"line":152,"column":3}}],"line":146},"6":{"loc":{"start":{"line":177,"column":2},"end":{"line":179,"column":3}},"type":"if","locations":[{"start":{"line":177,"column":2},"end":{"line":179,"column":3}},{"start":{},"end":{}}],"line":177},"7":{"loc":{"start":{"line":204,"column":2},"end":{"line":206,"column":3}},"type":"if","locations":[{"start":{"line":204,"column":2},"end":{"line":206,"column":3}},{"start":{},"end":{}}],"line":204}},"s":{"0":2,"1":185,"2":0,"3":185,"4":185,"5":133,"6":18,"7":0,"8":18,"9":18,"10":18,"11":47,"12":0,"13":47,"14":47,"15":47,"16":0,"17":47,"18":88,"19":88,"20":54,"21":16,"22":16,"23":13,"24":47,"25":47,"26":47,"27":47,"28":47,"29":2},"f":{"0":185,"1":18,"2":47,"3":88,"4":16,"5":47,"6":47},"b":{"0":[0,185],"1":[133,52],"2":[0,18],"3":[18,0],"4":[0,47],"5":[0,47],"6":[54,34],"7":[13,3]},"_coverageSchema":"1a1c01bbd47fc00a2c39e90264f33305004495a9","hash":"3069f233749c3071f59b0aea729485f704d75c0a"}
,"C:\\Users\\jaeyun\\Desktop\\projects\\taskmanager-mobile\\src\\utils\\progress.ts": {"path":"C:\\Users\\jaeyun\\Desktop\\projects\\taskmanager-mobile\\src\\utils\\progress.ts","statementMap":{"0":{"start":{"line":69,"column":2},"end":{"line":75,"column":3}},"1":{"start":{"line":70,"column":4},"end":{"line":74,"column":6}},"2":{"start":{"line":77,"column":16},"end":{"line":77,"column":33}},"3":{"start":{"line":78,"column":15},"end":{"line":78,"column":60}},"4":{"start":{"line":78,"column":43},"end":{"line":78,"column":52}},"5":{"start":{"line":82,"column":18},"end":{"line":82,"column":66}},"6":{"start":{"line":84,"column":2},"end":{"line":88,"column":4}}},"fnMap":{"0":{"name":"calcProgress","decl":{"start":{"line":67,"column":16},"end":{"line":67,"column":28}},"loc":{"start":{"line":67,"column":51},"end":{"line":89,"column":1}},"line":67},"1":{"name":"(anonymous_1)","decl":{"start":{"line":78,"column":33},"end":{"line":78,"column":34}},"loc":{"start":{"line":78,"column":43},"end":{"line":78,"column":52}},"line":78}},"branchMap":{"0":{"loc":{"start":{"line":69,"column":2},"end":{"line":75,"column":3}},"type":"if","locations":[{"start":{"line":69,"column":2},"end":{"line":75,"column":3}},{"start":{},"end":{}}],"line":69},"1":{"loc":{"start":{"line":69,"column":6},"end":{"line":69,"column":44}},"type":"binary-expr","locations":[{"start":{"line":69,"column":6},"end":{"line":69,"column":17}},{"start":{"line":69,"column":21},"end":{"line":69,"column":44}}],"line":69},"2":{"loc":{"start":{"line":82,"column":18},"end":{"line":82,"column":66}},"type":"cond-expr","locations":[{"start":{"line":82,"column":30},"end":{"line":82,"column":62}},{"start":{"line":82,"column":65},"end":{"line":82,"column":66}}],"line":82}},"s":{"0":13,"1":2,"2":11,"3":11,"4":178,"5":11,"6":11},"f":{"0":13,"1":178},"b":{"0":[2,11],"1":[13,12],"2":[11,0]},"_coverageSchema":"1a1c01bbd47fc00a2c39e90264f33305004495a9","hash":"9e72bc715623506d9027136d103347facbe4107f"}
,"C:\\Users\\jaeyun\\Desktop\\projects\\taskmanager-mobile\\src\\utils\\uuid.ts": {"path":"C:\\Users\\jaeyun\\Desktop\\projects\\taskmanager-mobile\\src\\utils\\uuid.ts","statementMap":{"0":{"start":{"line":29,"column":2},"end":{"line":29,"column":18}}},"fnMap":{"0":{"name":"generateId","decl":{"start":{"line":28,"column":16},"end":{"line":28,"column":26}},"loc":{"start":{"line":28,"column":37},"end":{"line":30,"column":1}},"line":28}},"branchMap":{},"s":{"0":6},"f":{"0":6},"b":{},"_coverageSchema":"1a1c01bbd47fc00a2c39e90264f33305004495a9","hash":"b19f11563657ee76dccc89bb100f2e210f57a67b"}
,"C:\\Users\\jaeyun\\Desktop\\projects\\taskmanager-mobile\\src\\utils\\validation.ts": {"path":"C:\\Users\\jaeyun\\Desktop\\projects\\taskmanager-mobile\\src\\utils\\validation.ts","statementMap":{"0":{"start":{"line":11,"column":25},"end":{"line":11,"column":26}},"1":{"start":{"line":12,"column":25},"end":{"line":12,"column":28}},"2":{"start":{"line":13,"column":23},"end":{"line":13,"column":26}},"3":{"start":{"line":14,"column":23},"end":{"line":14,"column":25}},"4":{"start":{"line":15,"column":25},"end":{"line":15,"column":40}},"5":{"start":{"line":43,"column":21},"end":{"line":43,"column":42}},"6":{"start":{"line":46,"column":2},"end":{"line":51,"column":3}},"7":{"start":{"line":47,"column":4},"end":{"line":50,"column":6}},"8":{"start":{"line":54,"column":2},"end":{"line":60,"column":3}},"9":{"start":{"line":55,"column":4},"end":{"line":59,"column":6}},"10":{"start":{"line":62,"column":2},"end":{"line":62,"column":25}},"11":{"start":{"line":93,"column":2},"end":{"line":96,"column":26}},"12":{"start":{"line":125,"column":2},"end":{"line":131,"column":3}},"13":{"start":{"line":126,"column":4},"end":{"line":130,"column":6}},"14":{"start":{"line":134,"column":2},"end":{"line":139,"column":3}},"15":{"start":{"line":135,"column":4},"end":{"line":138,"column":6}},"16":{"start":{"line":141,"column":2},"end":{"line":141,"column":25}},"17":{"start":{"line":170,"column":2},"end":{"line":176,"column":3}},"18":{"start":{"line":171,"column":4},"end":{"line":175,"column":6}},"19":{"start":{"line":179,"column":2},"end":{"line":184,"column":3}},"20":{"start":{"line":180,"column":4},"end":{"line":183,"column":6}},"21":{"start":{"line":186,"column":2},"end":{"line":186,"column":25}},"22":{"start":{"line":218,"column":2},"end":{"line":220,"column":3}},"23":{"start":{"line":219,"column":4},"end":{"line":219,"column":17}},"24":{"start":{"line":223,"column":2},"end":{"line":225,"column":3}},"25":{"start":{"line":224,"column":4},"end":{"line":224,"column":17}},"26":{"start":{"line":227,"column":2},"end":{"line":229,"column":3}},"27":{"start":{"line":228,"column":4},"end":{"line":228,"column":17}},"28":{"start":{"line":231,"column":2},"end":{"line":233,"column":3}},"29":{"start":{"line":232,"column":4},"end":{"line":232,"column":17}},"30":{"start":{"line":235,"column":2},"end":{"line":237,"column":3}},"31":{"start":{"line":236,"column":4},"end":{"line":236,"column":17}},"32":{"start":{"line":240,"column":2},"end":{"line":242,"column":3}},"33":{"start":{"line":241,"column":4},"end":{"line":241,"column":17}},"34":{"start":{"line":245,"column":2},"end":{"line":247,"column":3}},"35":{"start":{"line":245,"column":39},"end":{"line":245,"column":65}},"36":{"start":{"line":246,"column":4},"end":{"line":246,"column":17}},"37":{"start":{"line":250,"column":2},"end":{"line":252,"column":3}},"38":{"start":{"line":251,"column":4},"end":{"line":251,"column":17}},"39":{"start":{"line":254,"column":2},"end":{"line":254,"column":14}},"40":{"start":{"line":279,"column":2},"end":{"line":281,"column":3}},"41":{"start":{"line":280,"column":4},"end":{"line":280,"column":17}},"42":{"start":{"line":283,"column":2},"end":{"line":285,"column":3}},"43":{"start":{"line":284,"column":4},"end":{"line":284,"column":17}},"44":{"start":{"line":287,"column":2},"end":{"line":289,"column":3}},"45":{"start":{"line":288,"column":4},"end":{"line":288,"column":17}},"46":{"start":{"line":291,"column":2},"end":{"line":293,"column":3}},"47":{"start":{"line":292,"column":4},"end":{"line":292,"column":17}},"48":{"start":{"line":295,"column":2},"end":{"line":295,"column":14}},"49":{"start":{"line":332,"column":2},"end":{"line":334,"column":3}},"50":{"start":{"line":333,"column":4},"end":{"line":333,"column":17}},"51":{"start":{"line":337,"column":2},"end":{"line":339,"column":3}},"52":{"start":{"line":338,"column":4},"end":{"line":338,"column":17}},"53":{"start":{"line":342,"column":2},"end":{"line":344,"column":3}},"54":{"start":{"line":343,"column":4},"end":{"line":343,"column":17}},"55":{"start":{"line":347,"column":2},"end":{"line":349,"column":3}},"56":{"start":{"line":347,"column":39},"end":{"line":347,"column":56}},"57":{"start":{"line":348,"column":4},"end":{"line":348,"column":17}},"58":{"start":{"line":351,"column":2},"end":{"line":351,"column":14}},"59":{"start":{"line":381,"column":2},"end":{"line":397,"column":3}},"60":{"start":{"line":382,"column":23},"end":{"line":382,"column":43}},"61":{"start":{"line":385,"column":4},"end":{"line":387,"column":5}},"62":{"start":{"line":386,"column":6},"end":{"line":386,"column":41}},"63":{"start":{"line":393,"column":4},"end":{"line":393,"column":33}},"64":{"start":{"line":396,"column":4},"end":{"line":396,"column":13}},"65":{"start":{"line":422,"column":2},"end":{"line":428,"column":3}},"66":{"start":{"line":423,"column":4},"end":{"line":427,"column":6}},"67":{"start":{"line":431,"column":2},"end":{"line":437,"column":3}},"68":{"start":{"line":432,"column":24},"end":{"line":432,"column":74}},"69":{"start":{"line":433,"column":4},"end":{"line":436,"column":6}},"70":{"start":{"line":439,"column":2},"end":{"line":439,"column":25}}},"fnMap":{"0":{"name":"validateTitle","decl":{"start":{"line":42,"column":16},"end":{"line":42,"column":29}},"loc":{"start":{"line":42,"column":63},"end":{"line":63,"column":1}},"line":42},"1":{"name":"normalizeTitle","decl":{"start":{"line":92,"column":16},"end":{"line":92,"column":30}},"loc":{"start":{"line":92,"column":54},"end":{"line":97,"column":1}},"line":92},"2":{"name":"checkTaskLimit","decl":{"start":{"line":124,"column":16},"end":{"line":124,"column":30}},"loc":{"start":{"line":124,"column":64},"end":{"line":142,"column":1}},"line":124},"3":{"name":"checkItemLimit","decl":{"start":{"line":169,"column":16},"end":{"line":169,"column":30}},"loc":{"start":{"line":169,"column":64},"end":{"line":187,"column":1}},"line":169},"4":{"name":"isValidTask","decl":{"start":{"line":217,"column":16},"end":{"line":217,"column":27}},"loc":{"start":{"line":217,"column":53},"end":{"line":255,"column":1}},"line":217},"5":{"name":"(anonymous_5)","decl":{"start":{"line":245,"column":24},"end":{"line":245,"column":25}},"loc":{"start":{"line":245,"column":39},"end":{"line":245,"column":65}},"line":245},"6":{"name":"isValidChecklistItem","decl":{"start":{"line":278,"column":16},"end":{"line":278,"column":36}},"loc":{"start":{"line":278,"column":71},"end":{"line":296,"column":1}},"line":278},"7":{"name":"isValidAppData","decl":{"start":{"line":331,"column":16},"end":{"line":331,"column":30}},"loc":{"start":{"line":331,"column":59},"end":{"line":352,"column":1}},"line":331},"8":{"name":"(anonymous_8)","decl":{"start":{"line":347,"column":24},"end":{"line":347,"column":25}},"loc":{"start":{"line":347,"column":39},"end":{"line":347,"column":56}},"line":347},"9":{"name":"calculateStorageSize","decl":{"start":{"line":380,"column":16},"end":{"line":380,"column":36}},"loc":{"start":{"line":380,"column":56},"end":{"line":398,"column":1}},"line":380},"10":{"name":"checkStorageLimit","decl":{"start":{"line":421,"column":16},"end":{"line":421,"column":33}},"loc":{"start":{"line":421,"column":73},"end":{"line":440,"column":1}},"line":421}},"branchMap":{"0":{"loc":{"start":{"line":46,"column":2},"end":{"line":51,"column":3}},"type":"if","locations":[{"start":{"line":46,"column":2},"end":{"line":51,"column":3}},{"start":{},"end":{}}],"line":46},"1":{"loc":{"start":{"line":54,"column":2},"end":{"line":60,"column":3}},"type":"if","locations":[{"start":{"line":54,"column":2},"end":{"line":60,"column":3}},{"start":{},"end":{}}],"line":54},"2":{"loc":{"start":{"line":125,"column":2},"end":{"line":131,"column":3}},"type":"if","locations":[{"start":{"line":125,"column":2},"end":{"line":131,"column":3}},{"start":{},"end":{}}],"line":125},"3":{"loc":{"start":{"line":134,"column":2},"end":{"line":139,"column":3}},"type":"if","locations":[{"start":{"line":134,"column":2},"end":{"line":139,"column":3}},{"start":{},"end":{}}],"line":134},"4":{"loc":{"start":{"line":170,"column":2},"end":{"line":176,"column":3}},"type":"if","locations":[{"start":{"line":170,"column":2},"end":{"line":176,"column":3}},{"start":{},"end":{}}],"line":170},"5":{"loc":{"start":{"line":179,"column":2},"end":{"line":184,"column":3}},"type":"if","locations":[{"start":{"line":179,"column":2},"end":{"line":184,"column":3}},{"start":{},"end":{}}],"line":179},"6":{"loc":{"start":{"line":218,"column":2},"end":{"line":220,"column":3}},"type":"if","locations":[{"start":{"line":218,"column":2},"end":{"line":220,"column":3}},{"start":{},"end":{}}],"line":218},"7":{"loc":{"start":{"line":218,"column":6},"end":{"line":218,"column":39}},"type":"binary-expr","locations":[{"start":{"line":218,"column":6},"end":{"line":218,"column":11}},{"start":{"line":218,"column":15},"end":{"line":218,"column":39}}],"line":218},"8":{"loc":{"start":{"line":223,"column":2},"end":{"line":225,"column":3}},"type":"if","locations":[{"start":{"line":223,"column":2},"end":{"line":225,"column":3}},{"start":{},"end":{}}],"line":223},"9":{"loc":{"start":{"line":223,"column":6},"end":{"line":223,"column":45}},"type":"binary-expr","locations":[{"start":{"line":223,"column":6},"end":{"line":223,"column":33}},{"start":{"line":223,"column":37},"end":{"line":223,"column":45}}],"line":223},"10":{"loc":{"start":{"line":227,"column":2},"end":{"line":229,"column":3}},"type":"if","locations":[{"start":{"line":227,"column":2},"end":{"line":229,"column":3}},{"start":{},"end":{}}],"line":227},"11":{"loc":{"start":{"line":227,"column":6},"end":{"line":227,"column":51}},"type":"binary-expr","locations":[{"start":{"line":227,"column":6},"end":{"line":227,"column":36}},{"start":{"line":227,"column":40},"end":{"line":227,"column":51}}],"line":227},"12":{"loc":{"start":{"line":231,"column":2},"end":{"line":233,"column":3}},"type":"if","locations":[{"start":{"line":231,"column":2},"end":{"line":233,"column":3}},{"start":{},"end":{}}],"line":231},"13":{"loc":{"start":{"line":231,"column":6},"end":{"line":231,"column":59}},"type":"binary-expr","locations":[{"start":{"line":231,"column":6},"end":{"line":231,"column":40}},{"start":{"line":231,"column":44},"end":{"line":231,"column":59}}],"line":231},"14":{"loc":{"start":{"line":235,"column":2},"end":{"line":237,"column":3}},"type":"if","locations":[{"start":{"line":235,"column":2},"end":{"line":237,"column":3}},{"start":{},"end":{}}],"line":235},"15":{"loc":{"start":{"line":235,"column":6},"end":{"line":235,"column":59}},"type":"binary-expr","locations":[{"start":{"line":235,"column":6},"end":{"line":235,"column":40}},{"start":{"line":235,"column":44},"end":{"line":235,"column":59}}],"line":235},"16":{"loc":{"start":{"line":240,"column":2},"end":{"line":242,"column":3}},"type":"if","locations":[{"start":{"line":240,"column":2},"end":{"line":242,"column":3}},{"start":{},"end":{}}],"line":240},"17":{"loc":{"start":{"line":245,"column":2},"end":{"line":247,"column":3}},"type":"if","locations":[{"start":{"line":245,"column":2},"end":{"line":247,"column":3}},{"start":{},"end":{}}],"line":245},"18":{"loc":{"start":{"line":250,"column":2},"end":{"line":252,"column":3}},"type":"if","locations":[{"start":{"line":250,"column":2},"end":{"line":252,"column":3}},{"start":{},"end":{}}],"line":250},"19":{"loc":{"start":{"line":250,"column":6},"end":{"line":250,"column":80}},"type":"binary-expr","locations":[{"start":{"line":250,"column":6},"end":{"line":250,"column":38}},{"start":{"line":250,"column":42},"end":{"line":250,"column":80}}],"line":250},"20":{"loc":{"start":{"line":279,"column":2},"end":{"line":281,"column":3}},"type":"if","locations":[{"start":{"line":279,"column":2},"end":{"line":281,"column":3}},{"start":{},"end":{}}],"line":279},"21":{"loc":{"start":{"line":279,"column":6},"end":{"line":279,"column":39}},"type":"binary-expr","locations":[{"start":{"line":279,"column":6},"end":{"line":279,"column":11}},{"start":{"line":279,"column":15},"end":{"line":279,"column":39}}],"line":279},"22":{"loc":{"start":{"line":283,"column":2},"end":{"line":285,"column":3}},"type":"if","locations":[{"start":{"line":283,"column":2},"end":{"line":285,"column":3}},{"start":{},"end":{}}],"line":283},"23":{"loc":{"start":{"line":283,"column":6},"end":{"line":283,"column":45}},"type":"binary-expr","locations":[{"start":{"line":283,"column":6},"end":{"line":283,"column":33}},{"start":{"line":283,"column":37},"end":{"line":283,"column":45}}],"line":283},"24":{"loc":{"start":{"line":287,"column":2},"end":{"line":289,"column":3}},"type":"if","locations":[{"start":{"line":287,"column":2},"end":{"line":289,"column":3}},{"start":{},"end":{}}],"line":287},"25":{"loc":{"start":{"line":287,"column":6},"end":{"line":287,"column":51}},"type":"binary-expr","locations":[{"start":{"line":287,"column":6},"end":{"line":287,"column":36}},{"start":{"line":287,"column":40},"end":{"line":287,"column":51}}],"line":287},"26":{"loc":{"start":{"line":291,"column":2},"end":{"line":293,"column":3}},"type":"if","locations":[{"start":{"line":291,"column":2},"end":{"line":293,"column":3}},{"start":{},"end":{}}],"line":291},"27":{"loc":{"start":{"line":332,"column":2},"end":{"line":334,"column":3}},"type":"if","locations":[{"start":{"line":332,"column":2},"end":{"line":334,"column":3}},{"start":{},"end":{}}],"line":332},"28":{"loc":{"start":{"line":332,"column":6},"end":{"line":332,"column":39}},"type":"binary-expr","locations":[{"start":{"line":332,"column":6},"end":{"line":332,"column":11}},{"start":{"line":332,"column":15},"end":{"line":332,"column":39}}],"line":332},"29":{"loc":{"start":{"line":337,"column":2},"end":{"line":339,"column":3}},"type":"if","locations":[{"start":{"line":337,"column":2},"end":{"line":339,"column":3}},{"start":{},"end":{}}],"line":337},"30":{"loc":{"start":{"line":337,"column":6},"end":{"line":337,"column":70}},"type":"binary-expr","locations":[{"start":{"line":337,"column":6},"end":{"line":337,"column":44}},{"start":{"line":337,"column":48},"end":{"line":337,"column":70}}],"line":337},"31":{"loc":{"start":{"line":342,"column":2},"end":{"line":344,"column":3}},"type":"if","locations":[{"start":{"line":342,"column":2},"end":{"line":344,"column":3}},{"start":{},"end":{}}],"line":342},"32":{"loc":{"start":{"line":347,"column":2},"end":{"line":349,"column":3}},"type":"if","locations":[{"start":{"line":347,"column":2},"end":{"line":349,"column":3}},{"start":{},"end":{}}],"line":347},"33":{"loc":{"start":{"line":385,"column":4},"end":{"line":387,"column":5}},"type":"if","locations":[{"start":{"line":385,"column":4},"end":{"line":387,"column":5}},{"start":{},"end":{}}],"line":385},"34":{"loc":{"start":{"line":422,"column":2},"end":{"line":428,"column":3}},"type":"if","locations":[{"start":{"line":422,"column":2},"end":{"line":428,"column":3}},{"start":{},"end":{}}],"line":422},"35":{"loc":{"start":{"line":431,"column":2},"end":{"line":437,"column":3}},"type":"if","locations":[{"start":{"line":431,"column":2},"end":{"line":437,"column":3}},{"start":{},"end":{}}],"line":431}},"s":{"0":3,"1":3,"2":3,"3":3,"4":3,"5":25,"6":25,"7":6,"8":19,"9":2,"10":17,"11":45,"12":12,"13":3,"14":9,"15":1,"16":8,"17":10,"18":3,"19":7,"20":1,"21":6,"22":124,"23":4,"24":120,"25":3,"26":117,"27":2,"28":115,"29":2,"30":113,"31":1,"32":112,"33":1,"34":111,"35":1015,"36":1,"37":110,"38":1,"39":109,"40":1029,"41":4,"42":1025,"43":3,"44":1022,"45":3,"46":1019,"47":3,"48":1016,"49":17,"50":2,"51":15,"52":5,"53":10,"54":2,"55":8,"56":107,"57":1,"58":7,"59":33,"60":33,"61":32,"62":32,"63":0,"64":1,"65":33,"66":2,"67":31,"68":1,"69":1,"70":30},"f":{"0":25,"1":45,"2":12,"3":10,"4":124,"5":1015,"6":1029,"7":17,"8":107,"9":33,"10":33},"b":{"0":[6,19],"1":[2,17],"2":[3,9],"3":[1,8],"4":[3,7],"5":[1,6],"6":[4,120],"7":[124,122],"8":[3,117],"9":[120,117],"10":[2,115],"11":[117,115],"12":[2,113],"13":[115,113],"14":[1,112],"15":[113,112],"16":[1,111],"17":[1,110],"18":[1,109],"19":[110,108],"20":[4,1025],"21":[1029,1027],"22":[3,1022],"23":[1025,1023],"24":[3,1019],"25":[1022,1020],"26":[3,1016],"27":[2,15],"28":[17,15],"29":[5,10],"30":[15,12],"31":[2,8],"32":[1,7],"33":[32,0],"34":[2,31],"35":[1,30]},"_coverageSchema":"1a1c01bbd47fc00a2c39e90264f33305004495a9","hash":"9c38603485a206634f8e30895a8ac68352487a8e"}
}
