TN:
SF:src\services\backup.ts
FN:56,exportData
FN:201,importData
FN:370,validateBackupFile
FN:439,cleanupBackupFile
FN:509,getBackupInfo
FN:536,(anonymous_5)
FNF:6
FNH:0
FNDA:0,exportData
FNDA:0,importData
FNDA:0,validateBackupFile
FNDA:0,cleanupBackupFile
FNDA:0,getBackupInfo
FNDA:0,(anonymous_5)
DA:57,0
DA:59,0
DA:60,0
DA:67,0
DA:72,0
DA:75,0
DA:78,0
DA:80,0
DA:83,0
DA:85,0
DA:88,0
DA:89,0
DA:98,0
DA:101,0
DA:102,0
DA:106,0
DA:107,0
DA:115,0
DA:116,0
DA:118,0
DA:121,0
DA:122,0
DA:126,0
DA:132,0
DA:133,0
DA:141,0
DA:142,0
DA:202,0
DA:204,0
DA:205,0
DA:208,0
DA:209,0
DA:210,0
DA:217,0
DA:218,0
DA:220,0
DA:226,0
DA:227,0
DA:229,0
DA:230,0
DA:237,0
DA:243,0
DA:245,0
DA:246,0
DA:247,0
DA:248,0
DA:254,0
DA:259,0
DA:260,0
DA:262,0
DA:265,0
DA:266,0
DA:270,0
DA:276,0
DA:277,0
DA:285,0
DA:291,0
DA:292,0
DA:300,0
DA:301,0
DA:371,0
DA:373,0
DA:374,0
DA:375,0
DA:379,0
DA:380,0
DA:383,0
DA:387,0
DA:388,0
DA:391,0
DA:395,0
DA:397,0
DA:398,0
DA:399,0
DA:402,0
DA:407,0
DA:409,0
DA:410,0
DA:440,0
DA:441,0
DA:444,0
DA:445,0
DA:446,0
DA:447,0
DA:451,0
DA:453,0
DA:454,0
DA:457,0
DA:463,0
DA:464,0
DA:472,0
DA:473,0
DA:516,0
DA:517,0
DA:520,0
DA:523,0
DA:524,0
DA:527,0
DA:528,0
DA:535,0
DA:536,0
DA:540,0
DA:548,0
DA:549,0
DA:552,0
DA:553,0
DA:556,0
DA:557,0
LF:108
LH:0
BRDA:101,0,0,0
BRDA:101,0,1,0
BRDA:101,1,0,0
BRDA:101,1,1,0
BRDA:121,2,0,0
BRDA:121,2,1,0
BRDA:121,3,0,0
BRDA:121,3,1,0
BRDA:126,4,0,0
BRDA:126,4,1,0
BRDA:127,5,0,0
BRDA:127,5,1,0
BRDA:127,5,2,0
BRDA:127,5,3,0
BRDA:209,6,0,0
BRDA:209,6,1,0
BRDA:245,7,0,0
BRDA:245,7,1,0
BRDA:265,8,0,0
BRDA:265,8,1,0
BRDA:265,9,0,0
BRDA:265,9,1,0
BRDA:270,10,0,0
BRDA:270,10,1,0
BRDA:271,11,0,0
BRDA:271,11,1,0
BRDA:271,11,2,0
BRDA:271,11,3,0
BRDA:285,12,0,0
BRDA:285,12,1,0
BRDA:286,13,0,0
BRDA:286,13,1,0
BRDA:286,13,2,0
BRDA:286,13,3,0
BRDA:373,14,0,0
BRDA:373,14,1,0
BRDA:373,15,0,0
BRDA:373,15,1,0
BRDA:379,16,0,0
BRDA:379,16,1,0
BRDA:379,17,0,0
BRDA:379,17,1,0
BRDA:387,18,0,0
BRDA:387,18,1,0
BRDA:397,19,0,0
BRDA:397,19,1,0
BRDA:445,20,0,0
BRDA:445,20,1,0
BRDA:457,21,0,0
BRDA:457,21,1,0
BRDA:458,22,0,0
BRDA:458,22,1,0
BRDA:458,22,2,0
BRDA:458,22,3,0
BRDA:527,23,0,0
BRDA:527,23,1,0
BRDA:536,24,0,0
BRDA:536,24,1,0
BRDA:545,25,0,0
BRDA:545,25,1,0
BRDA:552,26,0,0
BRDA:552,26,1,0
BRDA:552,27,0,0
BRDA:552,27,1,0
BRF:64
BRH:0
end_of_record
TN:
SF:src\services\storage.ts
FN:88,loadAppData
FN:178,saveAppData
FN:268,migrateSchema
FN:324,cleanOldCompletedTasks
FN:330,(anonymous_4)
FN:337,(anonymous_5)
FN:392,createEmptyData
FN:413,loadFromBackup
FN:454,performSave
FN:491,(anonymous_9)
FN:514,migrateToV1
FN:523,(anonymous_11)
FNF:12
FNH:12
FNDA:16,loadAppData
FNDA:27,saveAppData
FNDA:8,migrateSchema
FNDA:4,cleanOldCompletedTasks
FNDA:8,(anonymous_4)
FNDA:30,(anonymous_5)
FNDA:23,createEmptyData
FNDA:4,loadFromBackup
FNDA:27,performSave
FNDA:3,(anonymous_9)
FNDA:2,migrateToV1
FNDA:1,(anonymous_11)
DA:31,2
DA:36,2
DA:42,2
DA:48,2
DA:53,2
DA:58,2
DA:89,16
DA:91,16
DA:92,16
DA:95,16
DA:98,14
DA:99,6
DA:100,6
DA:101,6
DA:106,8
DA:107,8
DA:109,3
DA:111,3
DA:112,3
DA:113,3
DA:117,5
DA:118,1
DA:119,1
DA:120,1
DA:121,1
DA:125,4
DA:127,4
DA:132,4
DA:133,4
DA:135,2
DA:138,2
DA:143,2
DA:145,2
DA:146,2
DA:179,27
DA:181,27
DA:182,27
DA:188,27
DA:189,27
DA:191,27
DA:198,27
DA:199,0
DA:204,0
DA:205,0
DA:208,0
DA:209,0
DA:213,0
DA:214,0
DA:215,0
DA:218,0
DA:226,0
DA:227,0
DA:228,0
DA:232,27
DA:233,0
DA:237,27
DA:239,25
DA:244,25
DA:246,2
DA:247,2
DA:248,2
DA:269,8
DA:272,8
DA:273,6
DA:274,6
DA:277,2
DA:282,2
DA:285,2
DA:286,2
DA:294,2
DA:298,2
DA:325,4
DA:327,4
DA:328,4
DA:330,4
DA:332,8
DA:333,2
DA:337,30
DA:338,6
DA:341,6
DA:342,3
DA:346,3
DA:347,3
DA:348,3
DA:351,3
DA:352,2
DA:356,1
DA:362,1
DA:365,4
DA:367,4
DA:368,1
DA:374,4
DA:393,23
DA:395,23
DA:414,4
DA:415,4
DA:417,4
DA:419,4
DA:420,2
DA:421,2
DA:424,2
DA:426,1
DA:427,0
DA:428,0
DA:431,1
DA:436,1
DA:438,1
DA:439,1
DA:455,27
DA:458,27
DA:459,30
DA:460,30
DA:461,3
DA:465,30
DA:468,30
DA:473,25
DA:474,25
DA:476,5
DA:477,5
DA:480,5
DA:481,2
DA:486,2
DA:487,2
DA:491,3
DA:496,0
DA:515,2
DA:517,2
DA:520,2
DA:523,2
DA:524,1
DA:536,2
DA:549,2
LF:132
LH:116
BRDA:98,0,0,6
BRDA:98,0,1,8
BRDA:117,1,0,1
BRDA:117,1,1,4
BRDA:198,2,0,0
BRDA:198,2,1,27
BRDA:208,3,0,0
BRDA:208,3,1,0
BRDA:232,4,0,0
BRDA:232,4,1,27
BRDA:269,5,0,8
BRDA:269,5,1,2
BRDA:272,6,0,6
BRDA:272,6,1,2
BRDA:285,7,0,2
BRDA:285,7,1,0
BRDA:332,8,0,2
BRDA:332,8,1,6
BRDA:341,9,0,3
BRDA:341,9,1,3
BRDA:351,10,0,2
BRDA:351,10,1,1
BRDA:367,11,0,1
BRDA:367,11,1,3
BRDA:419,12,0,2
BRDA:419,12,1,2
BRDA:426,13,0,0
BRDA:426,13,1,1
BRDA:460,14,0,3
BRDA:460,14,1,27
BRDA:480,15,0,2
BRDA:480,15,1,3
BRDA:499,16,0,0
BRDA:499,16,1,0
BRDA:520,17,0,1
BRDA:520,17,1,1
BRDA:527,18,0,1
BRDA:527,18,1,1
BRDA:528,19,0,1
BRDA:528,19,1,1
BRDA:530,20,0,1
BRDA:530,20,1,1
BRDA:532,21,0,1
BRDA:532,21,1,0
BRF:44
BRH:35
end_of_record
TN:
SF:src\store\taskStore.ts
FN:73,(anonymous_0)
FN:113,(anonymous_1)
FN:120,(anonymous_2)
FN:121,(anonymous_3)
FN:122,(anonymous_4)
FN:123,(anonymous_5)
FN:124,(anonymous_6)
FN:125,(anonymous_7)
FN:126,(anonymous_8)
FN:127,(anonymous_9)
FN:128,(anonymous_10)
FN:129,(anonymous_11)
FN:130,(anonymous_12)
FN:145,(anonymous_13)
FN:186,(anonymous_14)
FN:244,(anonymous_15)
FN:262,(anonymous_16)
FN:292,(anonymous_17)
FN:299,(anonymous_18)
FN:306,(anonymous_19)
FN:324,(anonymous_20)
FN:328,(anonymous_21)
FN:348,(anonymous_22)
FN:355,(anonymous_23)
FN:372,(anonymous_24)
FN:391,(anonymous_25)
FN:393,(anonymous_26)
FN:403,(anonymous_27)
FN:420,(anonymous_28)
FN:447,(anonymous_29)
FN:477,(anonymous_30)
FN:484,(anonymous_31)
FN:486,(anonymous_32)
FN:508,(anonymous_33)
FN:521,(anonymous_34)
FN:539,(anonymous_35)
FN:541,(anonymous_36)
FN:576,(anonymous_37)
FN:583,(anonymous_38)
FN:585,(anonymous_39)
FN:615,(anonymous_40)
FN:647,handleAppStateChange
FN:654,(anonymous_42)
FN:668,cleanupTaskStore
FN:681,(anonymous_44)
FNF:45
FNH:27
FNDA:19,(anonymous_0)
FNDA:1,(anonymous_1)
FNDA:0,(anonymous_2)
FNDA:0,(anonymous_3)
FNDA:0,(anonymous_4)
FNDA:0,(anonymous_5)
FNDA:0,(anonymous_6)
FNDA:0,(anonymous_7)
FNDA:0,(anonymous_8)
FNDA:0,(anonymous_9)
FNDA:0,(anonymous_10)
FNDA:0,(anonymous_11)
FNDA:0,(anonymous_12)
FNDA:4,(anonymous_13)
FNDA:7,(anonymous_14)
FNDA:3,(anonymous_15)
FNDA:2,(anonymous_16)
FNDA:3,(anonymous_17)
FNDA:3,(anonymous_18)
FNDA:2,(anonymous_19)
FNDA:0,(anonymous_20)
FNDA:0,(anonymous_21)
FNDA:3,(anonymous_22)
FNDA:2,(anonymous_23)
FNDA:2,(anonymous_24)
FNDA:2,(anonymous_25)
FNDA:1,(anonymous_26)
FNDA:5,(anonymous_27)
FNDA:3,(anonymous_28)
FNDA:2,(anonymous_29)
FNDA:4,(anonymous_30)
FNDA:4,(anonymous_31)
FNDA:4,(anonymous_32)
FNDA:0,(anonymous_33)
FNDA:2,(anonymous_34)
FNDA:1,(anonymous_35)
FNDA:1,(anonymous_36)
FNDA:2,(anonymous_37)
FNDA:2,(anonymous_38)
FNDA:3,(anonymous_39)
FNDA:2,(anonymous_40)
FNDA:0,handleAppStateChange
FNDA:0,(anonymous_42)
FNDA:0,cleanupTaskStore
FNDA:0,(anonymous_44)
DA:65,1
DA:66,1
DA:72,1
DA:74,19
DA:75,0
DA:76,0
DA:79,19
DA:80,19
DA:82,19
DA:87,19
DA:88,19
DA:90,0
DA:93,0
DA:95,0
DA:107,1
DA:113,1
DA:115,1
DA:121,0
DA:122,0
DA:125,0
DA:126,0
DA:128,0
DA:133,1
DA:146,4
DA:148,4
DA:149,4
DA:150,4
DA:153,4
DA:154,4
DA:157,4
DA:164,4
DA:166,0
DA:167,0
DA:169,4
DA:170,4
DA:175,4
DA:187,7
DA:188,7
DA:191,7
DA:192,7
DA:193,2
DA:194,2
DA:200,5
DA:203,5
DA:204,5
DA:205,1
DA:206,1
DA:213,4
DA:214,4
DA:224,4
DA:225,4
DA:228,4
DA:230,4
DA:231,4
DA:233,0
DA:234,0
DA:245,3
DA:246,3
DA:249,3
DA:250,3
DA:251,1
DA:252,1
DA:258,2
DA:259,2
DA:262,2
DA:263,2
DA:264,2
DA:270,0
DA:273,2
DA:276,2
DA:278,2
DA:279,2
DA:281,0
DA:282,0
DA:293,3
DA:294,3
DA:296,3
DA:299,3
DA:300,3
DA:301,1
DA:302,1
DA:306,2
DA:309,2
DA:315,2
DA:321,2
DA:324,2
DA:325,0
DA:327,0
DA:328,0
DA:329,0
DA:331,0
DA:334,2
DA:336,2
DA:341,0
DA:349,3
DA:350,3
DA:352,3
DA:355,3
DA:356,3
DA:357,1
DA:358,1
DA:362,2
DA:363,2
DA:364,1
DA:365,1
DA:369,2
DA:372,2
DA:374,2
DA:380,2
DA:382,2
DA:384,0
DA:392,2
DA:393,2
DA:404,5
DA:405,5
DA:408,5
DA:409,5
DA:410,1
DA:411,1
DA:417,4
DA:420,4
DA:421,4
DA:422,1
DA:423,1
DA:430,3
DA:431,3
DA:432,1
DA:433,1
DA:440,2
DA:447,2
DA:448,2
DA:449,2
DA:455,0
DA:458,2
DA:461,2
DA:463,2
DA:464,2
DA:466,0
DA:467,0
DA:478,4
DA:479,4
DA:481,4
DA:484,4
DA:485,4
DA:486,4
DA:487,4
DA:488,4
DA:490,0
DA:493,4
DA:499,0
DA:502,4
DA:505,4
DA:508,4
DA:509,0
DA:512,4
DA:514,0
DA:522,2
DA:523,2
DA:526,2
DA:527,2
DA:528,1
DA:529,1
DA:535,1
DA:536,1
DA:539,1
DA:540,1
DA:541,1
DA:542,1
DA:543,1
DA:545,0
DA:548,1
DA:554,0
DA:557,1
DA:560,1
DA:562,1
DA:563,1
DA:565,0
DA:566,0
DA:577,2
DA:578,2
DA:580,2
DA:583,2
DA:584,2
DA:585,3
DA:587,2
DA:593,0
DA:596,2
DA:599,2
DA:601,2
DA:603,0
DA:616,2
DA:617,2
DA:620,2
DA:622,2
DA:624,2
DA:629,2
DA:630,1
DA:632,1
DA:633,1
DA:648,0
DA:650,0
DA:651,0
DA:653,0
DA:654,0
DA:655,0
DA:669,0
DA:672,0
DA:673,0
DA:674,0
DA:678,0
DA:681,0
DA:682,0
DA:684,0
LF:213
LH:162
BRDA:74,0,0,0
BRDA:74,0,1,19
BRDA:93,1,0,0
BRDA:93,1,1,0
BRDA:192,2,0,2
BRDA:192,2,1,5
BRDA:196,3,0,2
BRDA:196,3,1,0
BRDA:204,4,0,1
BRDA:204,4,1,4
BRDA:208,5,0,1
BRDA:208,5,1,0
BRDA:250,6,0,1
BRDA:250,6,1,2
BRDA:254,7,0,1
BRDA:254,7,1,0
BRDA:263,8,0,2
BRDA:263,8,1,0
BRDA:300,9,0,1
BRDA:300,9,1,2
BRDA:356,10,0,1
BRDA:356,10,1,2
BRDA:363,11,0,1
BRDA:363,11,1,1
BRDA:409,12,0,1
BRDA:409,12,1,4
BRDA:413,13,0,1
BRDA:413,13,1,0
BRDA:421,14,0,1
BRDA:421,14,1,3
BRDA:431,15,0,1
BRDA:431,15,1,2
BRDA:435,16,0,1
BRDA:435,16,1,0
BRDA:448,17,0,2
BRDA:448,17,1,0
BRDA:485,18,0,4
BRDA:485,18,1,0
BRDA:487,19,0,4
BRDA:487,19,1,0
BRDA:527,20,0,1
BRDA:527,20,1,1
BRDA:531,21,0,1
BRDA:531,21,1,0
BRDA:540,22,0,1
BRDA:540,22,1,0
BRDA:542,23,0,1
BRDA:542,23,1,0
BRDA:584,24,0,2
BRDA:584,24,1,0
BRDA:650,25,0,0
BRDA:650,25,1,0
BRDA:650,26,0,0
BRDA:650,26,1,0
BRDA:672,27,0,0
BRDA:672,27,1,0
BRF:56
BRH:34
end_of_record
TN:
SF:src\utils\errors.ts
FN:31,getUserFriendlyMessage
FN:102,createAppError
FN:162,logAppError
FN:193,isAppError
FN:228,toAppError
FNF:5
FNH:2
FNDA:0,getUserFriendlyMessage
FNDA:4,createAppError
FNDA:4,logAppError
FNDA:0,isAppError
FNDA:0,toAppError
DA:32,0
DA:58,0
DA:108,4
DA:111,4
DA:137,4
DA:144,4
DA:163,4
DA:164,4
DA:165,4
DA:166,4
DA:168,4
DA:169,4
DA:194,0
DA:230,0
DA:231,0
DA:235,0
DA:236,0
DA:240,0
DA:241,0
DA:245,0
LF:20
LH:10
BRDA:58,0,0,0
BRDA:58,0,1,0
BRDA:108,1,0,4
BRDA:108,1,1,0
BRDA:163,2,0,4
BRDA:163,2,1,0
BRDA:165,3,0,4
BRDA:165,3,1,0
BRDA:168,4,0,4
BRDA:168,4,1,0
BRDA:195,5,0,0
BRDA:195,5,1,0
BRDA:195,5,2,0
BRDA:195,5,3,0
BRDA:195,5,4,0
BRDA:230,6,0,0
BRDA:230,6,1,0
BRDA:235,7,0,0
BRDA:235,7,1,0
BRDA:240,8,0,0
BRDA:240,8,1,0
BRF:21
BRH:4
end_of_record
TN:
SF:src\utils\logger.ts
FN:46,debug
FN:86,error
FN:138,logPerformance
FN:175,info
FN:202,warn
FN:236,startTimer
FN:240,(anonymous_6)
FNF:7
FNH:7
FNDA:185,debug
FNDA:18,error
FNDA:47,logPerformance
FNDA:88,info
FNDA:16,warn
FNDA:47,startTimer
FNDA:47,(anonymous_6)
DA:11,2
DA:47,185
DA:48,0
DA:51,185
DA:52,185
DA:53,133
DA:87,18
DA:88,0
DA:91,18
DA:92,18
DA:93,18
DA:139,47
DA:140,0
DA:143,47
DA:144,47
DA:146,47
DA:147,0
DA:151,47
DA:176,88
DA:177,88
DA:178,54
DA:203,16
DA:204,16
DA:205,13
DA:237,47
DA:239,47
DA:241,47
DA:242,47
DA:243,47
DA:254,2
LF:30
LH:26
BRDA:47,0,0,0
BRDA:47,0,1,185
BRDA:52,1,0,133
BRDA:52,1,1,52
BRDA:87,2,0,0
BRDA:87,2,1,18
BRDA:92,3,0,18
BRDA:92,3,1,0
BRDA:139,4,0,0
BRDA:139,4,1,47
BRDA:146,5,0,0
BRDA:146,5,1,47
BRDA:177,6,0,54
BRDA:177,6,1,34
BRDA:204,7,0,13
BRDA:204,7,1,3
BRF:16
BRH:11
end_of_record
TN:
SF:src\utils\progress.ts
FN:67,calcProgress
FN:78,(anonymous_1)
FNF:2
FNH:2
FNDA:13,calcProgress
FNDA:178,(anonymous_1)
DA:69,13
DA:70,2
DA:77,11
DA:78,178
DA:82,11
DA:84,11
LF:6
LH:6
BRDA:69,0,0,2
BRDA:69,0,1,11
BRDA:69,1,0,13
BRDA:69,1,1,12
BRDA:82,2,0,11
BRDA:82,2,1,0
BRF:6
BRH:5
end_of_record
TN:
SF:src\utils\uuid.ts
FN:28,generateId
FNF:1
FNH:1
FNDA:6,generateId
DA:29,6
LF:1
LH:1
BRF:0
BRH:0
end_of_record
TN:
SF:src\utils\validation.ts
FN:42,validateTitle
FN:92,normalizeTitle
FN:124,checkTaskLimit
FN:169,checkItemLimit
FN:217,isValidTask
FN:245,(anonymous_5)
FN:278,isValidChecklistItem
FN:331,isValidAppData
FN:347,(anonymous_8)
FN:380,calculateStorageSize
FN:421,checkStorageLimit
FNF:11
FNH:11
FNDA:25,validateTitle
FNDA:45,normalizeTitle
FNDA:12,checkTaskLimit
FNDA:10,checkItemLimit
FNDA:124,isValidTask
FNDA:1015,(anonymous_5)
FNDA:1029,isValidChecklistItem
FNDA:17,isValidAppData
FNDA:107,(anonymous_8)
FNDA:33,calculateStorageSize
FNDA:33,checkStorageLimit
DA:11,3
DA:12,3
DA:13,3
DA:14,3
DA:15,3
DA:43,25
DA:46,25
DA:47,6
DA:54,19
DA:55,2
DA:62,17
DA:93,45
DA:125,12
DA:126,3
DA:134,9
DA:135,1
DA:141,8
DA:170,10
DA:171,3
DA:179,7
DA:180,1
DA:186,6
DA:218,124
DA:219,4
DA:223,120
DA:224,3
DA:227,117
DA:228,2
DA:231,115
DA:232,2
DA:235,113
DA:236,1
DA:240,112
DA:241,1
DA:245,1015
DA:246,1
DA:250,110
DA:251,1
DA:254,109
DA:279,1029
DA:280,4
DA:283,1025
DA:284,3
DA:287,1022
DA:288,3
DA:291,1019
DA:292,3
DA:295,1016
DA:332,17
DA:333,2
DA:337,15
DA:338,5
DA:342,10
DA:343,2
DA:347,107
DA:348,1
DA:351,7
DA:381,33
DA:382,33
DA:385,32
DA:386,32
DA:393,0
DA:396,1
DA:422,33
DA:423,2
DA:431,31
DA:432,1
DA:433,1
DA:439,30
LF:69
LH:68
BRDA:46,0,0,6
BRDA:46,0,1,19
BRDA:54,1,0,2
BRDA:54,1,1,17
BRDA:125,2,0,3
BRDA:125,2,1,9
BRDA:134,3,0,1
BRDA:134,3,1,8
BRDA:170,4,0,3
BRDA:170,4,1,7
BRDA:179,5,0,1
BRDA:179,5,1,6
BRDA:218,6,0,4
BRDA:218,6,1,120
BRDA:218,7,0,124
BRDA:218,7,1,122
BRDA:223,8,0,3
BRDA:223,8,1,117
BRDA:223,9,0,120
BRDA:223,9,1,117
BRDA:227,10,0,2
BRDA:227,10,1,115
BRDA:227,11,0,117
BRDA:227,11,1,115
BRDA:231,12,0,2
BRDA:231,12,1,113
BRDA:231,13,0,115
BRDA:231,13,1,113
BRDA:235,14,0,1
BRDA:235,14,1,112
BRDA:235,15,0,113
BRDA:235,15,1,112
BRDA:240,16,0,1
BRDA:240,16,1,111
BRDA:245,17,0,1
BRDA:245,17,1,110
BRDA:250,18,0,1
BRDA:250,18,1,109
BRDA:250,19,0,110
BRDA:250,19,1,108
BRDA:279,20,0,4
BRDA:279,20,1,1025
BRDA:279,21,0,1029
BRDA:279,21,1,1027
BRDA:283,22,0,3
BRDA:283,22,1,1022
BRDA:283,23,0,1025
BRDA:283,23,1,1023
BRDA:287,24,0,3
BRDA:287,24,1,1019
BRDA:287,25,0,1022
BRDA:287,25,1,1020
BRDA:291,26,0,3
BRDA:291,26,1,1016
BRDA:332,27,0,2
BRDA:332,27,1,15
BRDA:332,28,0,17
BRDA:332,28,1,15
BRDA:337,29,0,5
BRDA:337,29,1,10
BRDA:337,30,0,15
BRDA:337,30,1,12
BRDA:342,31,0,2
BRDA:342,31,1,8
BRDA:347,32,0,1
BRDA:347,32,1,7
BRDA:385,33,0,32
BRDA:385,33,1,0
BRDA:422,34,0,2
BRDA:422,34,1,31
BRDA:431,35,0,1
BRDA:431,35,1,30
BRF:72
BRH:71
end_of_record
